#-----------------------------------------------------------
# Vivado v2019.2 (64-bit)
# SW Build 2700185 on Thu Oct 24 18:46:05 MDT 2019
# IP Build 2699827 on Thu Oct 24 21:16:38 MDT 2019
# Start of session at: Fri Nov 15 14:52:28 2019
# Process ID: 1296
# Current directory: C:/VHDL_Spectrogram
# Command line: vivado.exe -gui_launcher_event rodinguilauncherevent5768 C:\VHDL_Spectrogram\VHDL_Spectrogram.xpr
# Log file: C:/VHDL_Spectrogram/vivado.log
# Journal file: C:/VHDL_Spectrogram\vivado.jou
#-----------------------------------------------------------
start_gui
open_project C:/VHDL_Spectrogram/VHDL_Spectrogram.xpr
Scanning sources...
Finished scanning sources
INFO: [IP_Flow 19-234] Refreshing IP repositories
INFO: [IP_Flow 19-1704] No user IP repositories specified
INFO: [IP_Flow 19-2313] Loaded Vivado IP repository 'C:/Xilinx/Vivado/2019.2/data/ip'.
WARNING: [IP_Flow 19-2162] IP 'fft_ip' is locked:
* IP definition 'Fast Fourier Transform (9.1)' for IP 'fft_ip' (customized with software release 2019.1) has a different revision in the IP Catalog.
open_project: Time (s): cpu = 00:00:26 ; elapsed = 00:00:13 . Memory (MB): peak = 991.828 ; gain = 119.004
exit
INFO: [Common 17-206] Exiting Vivado at Fri Nov 15 14:56:17 2019...
