
*** Running vivado
    with args -log top.vdi -applog -m64 -product Vivado -messageDb vivado.pb -mode batch -source top.tcl -notrace


****** Vivado v2019.2 (64-bit)
  **** SW Build 2708876 on Wed Nov  6 21:40:23 MST 2019
  **** IP Build 2700528 on Thu Nov  7 00:09:20 MST 2019
    ** Copyright 1986-2019 Xilinx, Inc. All Rights Reserved.

source top.tcl -notrace
Command: link_design -top top -part xc7z020clg484-1
Design is defaulting to srcset: sources_1
Design is defaulting to constrset: constrs_1
INFO: [Device 21-403] Loading part xc7z020clg484-1
INFO: [Project 1-454] Reading design checkpoint 'd:/Ing/Master 1sem/Digitale/VHDL_Spectrogram/VHDL_Spectrogram.srcs/sources_1/ip/clk_wiz_0/clk_wiz_0.dcp' for cell 'clk_deler'
INFO: [Project 1-454] Reading design checkpoint 'd:/Ing/Master 1sem/Digitale/VHDL_Spectrogram/VHDL_Spectrogram.srcs/sources_1/ip/clk_wiz_1/clk_wiz_1.dcp' for cell 'Audio_inst/INST_AUDIO_SAMPLE_CLK'
INFO: [Project 1-454] Reading design checkpoint 'd:/Ing/Master 1sem/Digitale/VHDL_Spectrogram/VHDL_Spectrogram.srcs/sources_1/ip/DUAL_PORT_RAM/DUAL_PORT_RAM.dcp' for cell 'Beeld_inst/mem_interface_beeld_inst/DUAL_PORT_RAM_inst'
Netlist sorting complete. Time (s): cpu = 00:00:00 ; elapsed = 00:00:00.032 . Memory (MB): peak = 658.488 ; gain = 0.000
INFO: [Netlist 29-17] Analyzing 114 Unisim elements for replacement
INFO: [Netlist 29-28] Unisim Transformation completed in 0 CPU seconds
INFO: [Project 1-479] Netlist was created with Vivado 2019.2
INFO: [Project 1-570] Preparing netlist for logic optimization
WARNING: [Opt 31-35] Removing redundant IBUF, Audio_inst/INST_AUDIO_SAMPLE_CLK/inst/clkin1_ibufg, from the path connected to top-level port: sys_clk 
Resolution: The tool has removed redundant IBUF. To resolve this warning, check for redundant IBUF in the input design.
WARNING: [Opt 31-35] Removing redundant IBUF, clk_deler/inst/clkin1_ibufg, from the path connected to top-level port: sys_clk 
Resolution: The tool has removed redundant IBUF. To resolve this warning, check for redundant IBUF in the input design.
WARNING: [Constraints 18-550] Could not create 'IBUF_LOW_PWR' constraint because net 'Audio_inst/INST_AUDIO_SAMPLE_CLK/clk_in1' is not directly connected to top level port. Synthesis is ignored for IBUF_LOW_PWR but preserved for implementation.
WARNING: [Constraints 18-550] Could not create 'IBUF_LOW_PWR' constraint because net 'clk_deler/sys_clk' is not directly connected to top level port. Synthesis is ignored for IBUF_LOW_PWR but preserved for implementation.
Parsing XDC File [d:/Ing/Master 1sem/Digitale/VHDL_Spectrogram/VHDL_Spectrogram.srcs/sources_1/ip/clk_wiz_0/clk_wiz_0_board.xdc] for cell 'clk_deler/inst'
Finished Parsing XDC File [d:/Ing/Master 1sem/Digitale/VHDL_Spectrogram/VHDL_Spectrogram.srcs/sources_1/ip/clk_wiz_0/clk_wiz_0_board.xdc] for cell 'clk_deler/inst'
Parsing XDC File [d:/Ing/Master 1sem/Digitale/VHDL_Spectrogram/VHDL_Spectrogram.srcs/sources_1/ip/clk_wiz_0/clk_wiz_0.xdc] for cell 'clk_deler/inst'
INFO: [Timing 38-35] Done setting XDC timing constraints. [d:/Ing/Master 1sem/Digitale/VHDL_Spectrogram/VHDL_Spectrogram.srcs/sources_1/ip/clk_wiz_0/clk_wiz_0.xdc:57]
INFO: [Timing 38-2] Deriving generated clocks [d:/Ing/Master 1sem/Digitale/VHDL_Spectrogram/VHDL_Spectrogram.srcs/sources_1/ip/clk_wiz_0/clk_wiz_0.xdc:57]
get_clocks: Time (s): cpu = 00:00:11 ; elapsed = 00:00:11 . Memory (MB): peak = 1347.574 ; gain = 565.723
WARNING: [Vivado 12-2489] -input_jitter contains time 0.104160 which will be rounded to 0.104 to ensure it is an integer multiple of 1 picosecond [d:/Ing/Master 1sem/Digitale/VHDL_Spectrogram/VHDL_Spectrogram.srcs/sources_1/ip/clk_wiz_0/clk_wiz_0.xdc:57]
Finished Parsing XDC File [d:/Ing/Master 1sem/Digitale/VHDL_Spectrogram/VHDL_Spectrogram.srcs/sources_1/ip/clk_wiz_0/clk_wiz_0.xdc] for cell 'clk_deler/inst'
Parsing XDC File [d:/Ing/Master 1sem/Digitale/VHDL_Spectrogram/VHDL_Spectrogram.srcs/sources_1/ip/clk_wiz_1/clk_wiz_1_board.xdc] for cell 'Audio_inst/INST_AUDIO_SAMPLE_CLK/inst'
Finished Parsing XDC File [d:/Ing/Master 1sem/Digitale/VHDL_Spectrogram/VHDL_Spectrogram.srcs/sources_1/ip/clk_wiz_1/clk_wiz_1_board.xdc] for cell 'Audio_inst/INST_AUDIO_SAMPLE_CLK/inst'
Parsing XDC File [d:/Ing/Master 1sem/Digitale/VHDL_Spectrogram/VHDL_Spectrogram.srcs/sources_1/ip/clk_wiz_1/clk_wiz_1.xdc] for cell 'Audio_inst/INST_AUDIO_SAMPLE_CLK/inst'
INFO: [Timing 38-2] Deriving generated clocks [d:/Ing/Master 1sem/Digitale/VHDL_Spectrogram/VHDL_Spectrogram.srcs/sources_1/ip/clk_wiz_1/clk_wiz_1.xdc:57]
Finished Parsing XDC File [d:/Ing/Master 1sem/Digitale/VHDL_Spectrogram/VHDL_Spectrogram.srcs/sources_1/ip/clk_wiz_1/clk_wiz_1.xdc] for cell 'Audio_inst/INST_AUDIO_SAMPLE_CLK/inst'
Parsing XDC File [D:/Ing/Master 1sem/Digitale/VHDL_Spectrogram/VHDL_Spectrogram.srcs/constrs_1/new/pinlayout.xdc]
Finished Parsing XDC File [D:/Ing/Master 1sem/Digitale/VHDL_Spectrogram/VHDL_Spectrogram.srcs/constrs_1/new/pinlayout.xdc]
INFO: [Opt 31-138] Pushed 0 inverter(s) to 0 load pin(s).
Netlist sorting complete. Time (s): cpu = 00:00:00 ; elapsed = 00:00:00.001 . Memory (MB): peak = 1347.574 ; gain = 0.000
INFO: [Project 1-111] Unisim Transformation Summary:
No Unisim elements were transformed.

13 Infos, 5 Warnings, 0 Critical Warnings and 0 Errors encountered.
link_design completed successfully
link_design: Time (s): cpu = 00:00:20 ; elapsed = 00:00:23 . Memory (MB): peak = 1347.574 ; gain = 1008.508
Command: opt_design
Attempting to get a license for feature 'Implementation' and/or device 'xc7z020'
INFO: [Common 17-349] Got license for feature 'Implementation' and/or device 'xc7z020'
Running DRC as a precondition to command opt_design

Starting DRC Task
INFO: [DRC 23-27] Running DRC with 2 threads
INFO: [Project 1-461] DRC finished with 0 Errors
INFO: [Project 1-462] Please refer to the DRC report (report_drc) for more information.

Time (s): cpu = 00:00:01 ; elapsed = 00:00:01 . Memory (MB): peak = 1347.574 ; gain = 0.000

Starting Cache Timing Information Task
INFO: [Timing 38-35] Done setting XDC timing constraints.
Ending Cache Timing Information Task | Checksum: f6890dd2

Time (s): cpu = 00:00:01 ; elapsed = 00:00:00.198 . Memory (MB): peak = 1360.703 ; gain = 13.129

Starting Logic Optimization Task

Phase 1 Retarget
INFO: [Opt 31-138] Pushed 0 inverter(s) to 0 load pin(s).
INFO: [Opt 31-49] Retargeted 0 cell(s).
Phase 1 Retarget | Checksum: 16d17b9bb

Time (s): cpu = 00:00:01 ; elapsed = 00:00:00.739 . Memory (MB): peak = 1545.758 ; gain = 0.000
INFO: [Opt 31-389] Phase Retarget created 0 cells and removed 1 cells
INFO: [Opt 31-1021] In phase Retarget, 1 netlist objects are constrained preventing optimization. Please run opt_design with -debug_log to get more detail. 

Phase 2 Constant propagation
INFO: [Opt 31-138] Pushed 0 inverter(s) to 0 load pin(s).
Phase 2 Constant propagation | Checksum: 14fa0055a

Time (s): cpu = 00:00:01 ; elapsed = 00:00:00.817 . Memory (MB): peak = 1545.758 ; gain = 0.000
INFO: [Opt 31-389] Phase Constant propagation created 0 cells and removed 10 cells

Phase 3 Sweep
Phase 3 Sweep | Checksum: ddfd6e96

Time (s): cpu = 00:00:01 ; elapsed = 00:00:00.984 . Memory (MB): peak = 1545.758 ; gain = 0.000
INFO: [Opt 31-389] Phase Sweep created 1 cells and removed 5 cells
INFO: [Opt 31-1021] In phase Sweep, 1 netlist objects are constrained preventing optimization. Please run opt_design with -debug_log to get more detail. 

Phase 4 BUFG optimization
INFO: [Opt 31-1112] Starts optimizing BUFG(s) with a common MMCM/DPLL/XPLL driver.
INFO: [Opt 31-1112] Starts optimizing BUFG(s) with a common driver.
INFO: [Opt 31-1092] Phase BUFG optimization transformed 0 BUFG(s) to MBUFG(s).
Phase 4 BUFG optimization | Checksum: ddfd6e96

Time (s): cpu = 00:00:01 ; elapsed = 00:00:01 . Memory (MB): peak = 1545.758 ; gain = 0.000
INFO: [Opt 31-662] Phase BUFG optimization created 0 cells of which 0 are BUFGs and removed 0 cells.

Phase 5 Shift Register Optimization
INFO: [Opt 31-1064] SRL Remap converted 0 SRLs to 0 registers and converted 0 registers of register chains to 0 SRLs
Phase 5 Shift Register Optimization | Checksum: ddfd6e96

Time (s): cpu = 00:00:01 ; elapsed = 00:00:01 . Memory (MB): peak = 1545.758 ; gain = 0.000
INFO: [Opt 31-389] Phase Shift Register Optimization created 0 cells and removed 0 cells

Phase 6 Post Processing Netlist
Phase 6 Post Processing Netlist | Checksum: 189cd6eb9

Time (s): cpu = 00:00:01 ; elapsed = 00:00:01 . Memory (MB): peak = 1545.758 ; gain = 0.000
INFO: [Opt 31-389] Phase Post Processing Netlist created 0 cells and removed 0 cells
Opt_design Change Summary
=========================


-------------------------------------------------------------------------------------------------------------------------
|  Phase                        |  #Cells created  |  #Cells Removed  |  #Constrained objects preventing optimizations  |
-------------------------------------------------------------------------------------------------------------------------
|  Retarget                     |               0  |               1  |                                              1  |
|  Constant propagation         |               0  |              10  |                                              0  |
|  Sweep                        |               1  |               5  |                                              1  |
|  BUFG optimization            |               0  |               0  |                                              0  |
|  Shift Register Optimization  |               0  |               0  |                                              0  |
|  Post Processing Netlist      |               0  |               0  |                                              0  |
-------------------------------------------------------------------------------------------------------------------------



Starting Connectivity Check Task

Time (s): cpu = 00:00:00 ; elapsed = 00:00:00.002 . Memory (MB): peak = 1545.758 ; gain = 0.000
Ending Logic Optimization Task | Checksum: 1093dab42

Time (s): cpu = 00:00:01 ; elapsed = 00:00:01 . Memory (MB): peak = 1545.758 ; gain = 0.000

Starting Power Optimization Task
INFO: [Pwropt 34-132] Skipping clock gating for clocks with a period < 2.00 ns.
INFO: [Timing 38-35] Done setting XDC timing constraints.
INFO: [Physopt 32-619] Estimated Timing Summary | WNS=17.258 | TNS=0.000 |
Running Vector-less Activity Propagation...

Finished Running Vector-less Activity Propagation
INFO: [Pwropt 34-9] Applying IDT optimizations ...
INFO: [Pwropt 34-10] Applying ODC optimizations ...


Starting PowerOpt Patch Enables Task
INFO: [Pwropt 34-162] WRITE_MODE attribute of 0 BRAM(s) out of a total of 105 has been updated to save power. Run report_power_opt to get a complete listing of the BRAMs updated.
INFO: [Pwropt 34-201] Structural ODC has moved 0 WE to EN ports
Number of BRAM Ports augmented: 154 newly gated: 0 Total Ports: 210
Number of Flops added for Enable Generation: 7

Ending PowerOpt Patch Enables Task | Checksum: 151ab85f5

Time (s): cpu = 00:00:01 ; elapsed = 00:00:00.911 . Memory (MB): peak = 1833.574 ; gain = 0.000
Ending Power Optimization Task | Checksum: 151ab85f5

Time (s): cpu = 00:00:16 ; elapsed = 00:00:16 . Memory (MB): peak = 1833.574 ; gain = 287.816

Starting Final Cleanup Task

Starting Logic Optimization Task
INFO: [Timing 38-35] Done setting XDC timing constraints.
INFO: [Opt 31-1112] Starts optimizing BUFG(s) with a common MMCM/DPLL/XPLL driver.
INFO: [Opt 31-1112] Starts optimizing BUFG(s) with a common driver.
INFO: [Opt 31-1092] Phase BUFG optimization transformed 0 BUFG(s) to MBUFG(s).
Ending Logic Optimization Task | Checksum: 17a286f45

Time (s): cpu = 00:00:01 ; elapsed = 00:00:00.859 . Memory (MB): peak = 1833.574 ; gain = 0.000
Ending Final Cleanup Task | Checksum: 17a286f45

Time (s): cpu = 00:00:03 ; elapsed = 00:00:04 . Memory (MB): peak = 1833.574 ; gain = 0.000

Starting Netlist Obfuscation Task
Netlist sorting complete. Time (s): cpu = 00:00:00 ; elapsed = 00:00:00.002 . Memory (MB): peak = 1833.574 ; gain = 0.000
Ending Netlist Obfuscation Task | Checksum: 17a286f45

Time (s): cpu = 00:00:00 ; elapsed = 00:00:00.002 . Memory (MB): peak = 1833.574 ; gain = 0.000
INFO: [Common 17-83] Releasing license: Implementation
45 Infos, 5 Warnings, 0 Critical Warnings and 0 Errors encountered.
opt_design completed successfully
opt_design: Time (s): cpu = 00:00:24 ; elapsed = 00:00:26 . Memory (MB): peak = 1833.574 ; gain = 486.000
INFO: [Timing 38-35] Done setting XDC timing constraints.
Netlist sorting complete. Time (s): cpu = 00:00:00 ; elapsed = 00:00:00.001 . Memory (MB): peak = 1833.574 ; gain = 0.000
INFO: [Timing 38-480] Writing timing data to binary archive.
Writing placer database...
Writing XDEF routing.
Writing XDEF routing logical nets.
Writing XDEF routing special nets.
Write XDEF Complete: Time (s): cpu = 00:00:00 ; elapsed = 00:00:00.452 . Memory (MB): peak = 1833.574 ; gain = 0.000
INFO: [Common 17-1381] The checkpoint 'D:/Ing/Master 1sem/Digitale/VHDL_Spectrogram/VHDL_Spectrogram.runs/impl_1/top_opt.dcp' has been generated.
INFO: [runtcl-4] Executing : report_drc -file top_drc_opted.rpt -pb top_drc_opted.pb -rpx top_drc_opted.rpx
Command: report_drc -file top_drc_opted.rpt -pb top_drc_opted.pb -rpx top_drc_opted.rpx
INFO: [IP_Flow 19-1839] IP Catalog is up to date.
INFO: [DRC 23-27] Running DRC with 2 threads
INFO: [Coretcl 2-168] The results of DRC are in file D:/Ing/Master 1sem/Digitale/VHDL_Spectrogram/VHDL_Spectrogram.runs/impl_1/top_drc_opted.rpt.
report_drc completed successfully
Command: place_design
Attempting to get a license for feature 'Implementation' and/or device 'xc7z020'
INFO: [Common 17-349] Got license for feature 'Implementation' and/or device 'xc7z020'
INFO: [DRC 23-27] Running DRC with 2 threads
INFO: [Vivado_Tcl 4-198] DRC finished with 0 Errors
INFO: [Vivado_Tcl 4-199] Please refer to the DRC report (report_drc) for more information.
Running DRC as a precondition to command place_design
INFO: [DRC 23-27] Running DRC with 2 threads
INFO: [Vivado_Tcl 4-198] DRC finished with 0 Errors
INFO: [Vivado_Tcl 4-199] Please refer to the DRC report (report_drc) for more information.

Starting Placer Task
INFO: [Place 30-611] Multithreading enabled for place_design using a maximum of 2 CPUs

Phase 1 Placer Initialization

Phase 1.1 Placer Initialization Netlist Sorting
Netlist sorting complete. Time (s): cpu = 00:00:00 ; elapsed = 00:00:00.004 . Memory (MB): peak = 1833.574 ; gain = 0.000
Phase 1.1 Placer Initialization Netlist Sorting | Checksum: 16d2d899e

Time (s): cpu = 00:00:00 ; elapsed = 00:00:00.163 . Memory (MB): peak = 1833.574 ; gain = 0.000
Netlist sorting complete. Time (s): cpu = 00:00:00 ; elapsed = 00:00:00.003 . Memory (MB): peak = 1833.574 ; gain = 0.000

Phase 1.2 IO Placement/ Clock Placement/ Build Placer Device
Phase 1.2 IO Placement/ Clock Placement/ Build Placer Device | Checksum: 141072cdf

Time (s): cpu = 00:00:01 ; elapsed = 00:00:01 . Memory (MB): peak = 1833.574 ; gain = 0.000

Phase 1.3 Build Placer Netlist Model
Phase 1.3 Build Placer Netlist Model | Checksum: 1d45e4141

Time (s): cpu = 00:00:02 ; elapsed = 00:00:03 . Memory (MB): peak = 1833.574 ; gain = 0.000

Phase 1.4 Constrain Clocks/Macros
Phase 1.4 Constrain Clocks/Macros | Checksum: 1d45e4141

Time (s): cpu = 00:00:02 ; elapsed = 00:00:03 . Memory (MB): peak = 1833.574 ; gain = 0.000
Phase 1 Placer Initialization | Checksum: 1d45e4141

Time (s): cpu = 00:00:02 ; elapsed = 00:00:03 . Memory (MB): peak = 1833.574 ; gain = 0.000

Phase 2 Global Placement

Phase 2.1 Floorplanning
Phase 2.1 Floorplanning | Checksum: 185399e9b

Time (s): cpu = 00:00:02 ; elapsed = 00:00:03 . Memory (MB): peak = 1833.574 ; gain = 0.000

Phase 2.2 Global Placement Core

Phase 2.2.1 Physical Synthesis In Placer
INFO: [Physopt 32-1018] Found 20 candidate LUT instances to create LUTNM shape
INFO: [Physopt 32-775] End 1 Pass. Optimized 9 nets or cells. Created 0 new cell, deleted 9 existing cells and moved 0 existing cell
INFO: [Physopt 32-65] No nets found for high-fanout optimization.
INFO: [Physopt 32-232] Optimized 0 net. Created 0 new instance.
INFO: [Physopt 32-775] End 1 Pass. Optimized 0 net or cell. Created 0 new cell, deleted 0 existing cell and moved 0 existing cell
INFO: [Physopt 32-670] No setup violation found.  DSP Register Optimization was not performed.
INFO: [Physopt 32-670] No setup violation found.  Shift Register to Pipeline Optimization was not performed.
INFO: [Physopt 32-670] No setup violation found.  Shift Register Optimization was not performed.
INFO: [Physopt 32-670] No setup violation found.  BRAM Register Optimization was not performed.
INFO: [Physopt 32-949] No candidate nets found for HD net replication
INFO: [Physopt 32-775] End 1 Pass. Optimized 0 net or cell. Created 0 new cell, deleted 0 existing cell and moved 0 existing cell
Netlist sorting complete. Time (s): cpu = 00:00:00 ; elapsed = 00:00:00.001 . Memory (MB): peak = 1833.574 ; gain = 0.000

Summary of Physical Synthesis Optimizations
============================================


-----------------------------------------------------------------------------------------------------------------------------------------------------------
|  Optimization                                     |  Added Cells  |  Removed Cells  |  Optimized Cells/Nets  |  Dont Touch  |  Iterations  |  Elapsed   |
-----------------------------------------------------------------------------------------------------------------------------------------------------------
|  LUT Combining                                    |            0  |              9  |                     9  |           0  |           1  |  00:00:00  |
|  Very High Fanout                                 |            0  |              0  |                     0  |           0  |           1  |  00:00:00  |
|  DSP Register                                     |            0  |              0  |                     0  |           0  |           0  |  00:00:00  |
|  Shift Register to Pipeline                       |            0  |              0  |                     0  |           0  |           0  |  00:00:00  |
|  Shift Register                                   |            0  |              0  |                     0  |           0  |           0  |  00:00:00  |
|  BRAM Register                                    |            0  |              0  |                     0  |           0  |           0  |  00:00:00  |
|  Dynamic/Static Region Interface Net Replication  |            0  |              0  |                     0  |           0  |           1  |  00:00:00  |
|  Total                                            |            0  |              9  |                     9  |           0  |           3  |  00:00:00  |
-----------------------------------------------------------------------------------------------------------------------------------------------------------


Phase 2.2.1 Physical Synthesis In Placer | Checksum: 15bb8ac19

Time (s): cpu = 00:00:09 ; elapsed = 00:00:09 . Memory (MB): peak = 1833.574 ; gain = 0.000
Phase 2.2 Global Placement Core | Checksum: c4c4b524

Time (s): cpu = 00:00:09 ; elapsed = 00:00:10 . Memory (MB): peak = 1833.574 ; gain = 0.000
Phase 2 Global Placement | Checksum: c4c4b524

Time (s): cpu = 00:00:09 ; elapsed = 00:00:10 . Memory (MB): peak = 1833.574 ; gain = 0.000

Phase 3 Detail Placement

Phase 3.1 Commit Multi Column Macros
Phase 3.1 Commit Multi Column Macros | Checksum: d89a893b

Time (s): cpu = 00:00:10 ; elapsed = 00:00:10 . Memory (MB): peak = 1833.574 ; gain = 0.000

Phase 3.2 Commit Most Macros & LUTRAMs
Phase 3.2 Commit Most Macros & LUTRAMs | Checksum: aa0b5bad

Time (s): cpu = 00:00:11 ; elapsed = 00:00:11 . Memory (MB): peak = 1833.574 ; gain = 0.000

Phase 3.3 Area Swap Optimization
Phase 3.3 Area Swap Optimization | Checksum: a3828e5c

Time (s): cpu = 00:00:11 ; elapsed = 00:00:11 . Memory (MB): peak = 1833.574 ; gain = 0.000

Phase 3.4 Pipeline Register Optimization
Phase 3.4 Pipeline Register Optimization | Checksum: d51a4836

Time (s): cpu = 00:00:11 ; elapsed = 00:00:11 . Memory (MB): peak = 1833.574 ; gain = 0.000

Phase 3.5 Small Shape Detail Placement
Phase 3.5 Small Shape Detail Placement | Checksum: 1ed8ba685

Time (s): cpu = 00:00:11 ; elapsed = 00:00:11 . Memory (MB): peak = 1833.574 ; gain = 0.000

Phase 3.6 Re-assign LUT pins
Phase 3.6 Re-assign LUT pins | Checksum: 1823ef42c

Time (s): cpu = 00:00:11 ; elapsed = 00:00:11 . Memory (MB): peak = 1833.574 ; gain = 0.000

Phase 3.7 Pipeline Register Optimization
Phase 3.7 Pipeline Register Optimization | Checksum: 154431b32

Time (s): cpu = 00:00:11 ; elapsed = 00:00:11 . Memory (MB): peak = 1833.574 ; gain = 0.000
Phase 3 Detail Placement | Checksum: 154431b32

Time (s): cpu = 00:00:11 ; elapsed = 00:00:11 . Memory (MB): peak = 1833.574 ; gain = 0.000

Phase 4 Post Placement Optimization and Clean-Up

Phase 4.1 Post Commit Optimization
INFO: [Timing 38-35] Done setting XDC timing constraints.

Phase 4.1.1 Post Placement Optimization
Post Placement Optimization Initialization | Checksum: 11e92194c

Phase 4.1.1.1 BUFG Insertion
INFO: [Place 46-56] BUFG insertion identified 0 candidate nets. Inserted BUFG: 0, Replicated BUFG Driver: 0, Skipped due to Placement/Routing Conflicts: 0, Skipped due to Timing Degradation: 0, Skipped due to Illegal Netlist: 0.
Phase 4.1.1.1 BUFG Insertion | Checksum: 11e92194c

Time (s): cpu = 00:00:13 ; elapsed = 00:00:13 . Memory (MB): peak = 1833.574 ; gain = 0.000
INFO: [Place 30-746] Post Placement Timing Summary WNS=14.441. For the most accurate timing information please run report_timing.
Phase 4.1.1 Post Placement Optimization | Checksum: 11efbde77

Time (s): cpu = 00:00:13 ; elapsed = 00:00:13 . Memory (MB): peak = 1833.574 ; gain = 0.000
Phase 4.1 Post Commit Optimization | Checksum: 11efbde77

Time (s): cpu = 00:00:13 ; elapsed = 00:00:13 . Memory (MB): peak = 1833.574 ; gain = 0.000

Phase 4.2 Post Placement Cleanup
Phase 4.2 Post Placement Cleanup | Checksum: 11efbde77

Time (s): cpu = 00:00:13 ; elapsed = 00:00:13 . Memory (MB): peak = 1833.574 ; gain = 0.000

Phase 4.3 Placer Reporting
Phase 4.3 Placer Reporting | Checksum: 11efbde77

Time (s): cpu = 00:00:13 ; elapsed = 00:00:13 . Memory (MB): peak = 1833.574 ; gain = 0.000

Phase 4.4 Final Placement Cleanup
Netlist sorting complete. Time (s): cpu = 00:00:00 ; elapsed = 00:00:00.001 . Memory (MB): peak = 1833.574 ; gain = 0.000
Phase 4.4 Final Placement Cleanup | Checksum: 1b28f7aff

Time (s): cpu = 00:00:13 ; elapsed = 00:00:13 . Memory (MB): peak = 1833.574 ; gain = 0.000
Phase 4 Post Placement Optimization and Clean-Up | Checksum: 1b28f7aff

Time (s): cpu = 00:00:13 ; elapsed = 00:00:13 . Memory (MB): peak = 1833.574 ; gain = 0.000
Ending Placer Task | Checksum: 15f6cd068

Time (s): cpu = 00:00:13 ; elapsed = 00:00:13 . Memory (MB): peak = 1833.574 ; gain = 0.000
INFO: [Common 17-83] Releasing license: Implementation
75 Infos, 5 Warnings, 0 Critical Warnings and 0 Errors encountered.
place_design completed successfully
place_design: Time (s): cpu = 00:00:15 ; elapsed = 00:00:15 . Memory (MB): peak = 1833.574 ; gain = 0.000
Netlist sorting complete. Time (s): cpu = 00:00:00 ; elapsed = 00:00:00.003 . Memory (MB): peak = 1833.574 ; gain = 0.000
INFO: [Timing 38-480] Writing timing data to binary archive.
Writing placer database...
Writing XDEF routing.
Writing XDEF routing logical nets.
Writing XDEF routing special nets.
Write XDEF Complete: Time (s): cpu = 00:00:01 ; elapsed = 00:00:00.229 . Memory (MB): peak = 1833.574 ; gain = 0.000
INFO: [Common 17-1381] The checkpoint 'D:/Ing/Master 1sem/Digitale/VHDL_Spectrogram/VHDL_Spectrogram.runs/impl_1/top_placed.dcp' has been generated.
INFO: [runtcl-4] Executing : report_io -file top_io_placed.rpt
report_io: Time (s): cpu = 00:00:01 ; elapsed = 00:00:00.215 . Memory (MB): peak = 1833.574 ; gain = 0.000
INFO: [runtcl-4] Executing : report_utilization -file top_utilization_placed.rpt -pb top_utilization_placed.pb
INFO: [runtcl-4] Executing : report_control_sets -verbose -file top_control_sets_placed.rpt
report_control_sets: Time (s): cpu = 00:00:00 ; elapsed = 00:00:00.058 . Memory (MB): peak = 1833.574 ; gain = 0.000
Command: route_design
Attempting to get a license for feature 'Implementation' and/or device 'xc7z020'
INFO: [Common 17-349] Got license for feature 'Implementation' and/or device 'xc7z020'
Running DRC as a precondition to command route_design
INFO: [DRC 23-27] Running DRC with 2 threads
INFO: [Vivado_Tcl 4-198] DRC finished with 0 Errors
INFO: [Vivado_Tcl 4-199] Please refer to the DRC report (report_drc) for more information.


Starting Routing Task
INFO: [Route 35-254] Multithreading enabled for route_design using a maximum of 2 CPUs
Checksum: PlaceDB: 7d9a3048 ConstDB: 0 ShapeSum: e1d2a020 RouteDB: 0

Phase 1 Build RT Design
Phase 1 Build RT Design | Checksum: f2efa18d

Time (s): cpu = 00:00:32 ; elapsed = 00:00:28 . Memory (MB): peak = 1833.574 ; gain = 0.000
Post Restoration Checksum: NetGraph: 9c32a65c NumContArr: 56bcfb31 Constraints: 0 Timing: 0

Phase 2 Router Initialization

Phase 2.1 Create Timer
Phase 2.1 Create Timer | Checksum: f2efa18d

Time (s): cpu = 00:00:32 ; elapsed = 00:00:28 . Memory (MB): peak = 1833.574 ; gain = 0.000

Phase 2.2 Fix Topology Constraints
Phase 2.2 Fix Topology Constraints | Checksum: f2efa18d

Time (s): cpu = 00:00:32 ; elapsed = 00:00:28 . Memory (MB): peak = 1833.574 ; gain = 0.000

Phase 2.3 Pre Route Cleanup
Phase 2.3 Pre Route Cleanup | Checksum: f2efa18d

Time (s): cpu = 00:00:32 ; elapsed = 00:00:28 . Memory (MB): peak = 1833.574 ; gain = 0.000
 Number of Nodes with overlaps = 0

Phase 2.4 Update Timing
Phase 2.4 Update Timing | Checksum: ccc55622

Time (s): cpu = 00:00:35 ; elapsed = 00:00:31 . Memory (MB): peak = 1833.574 ; gain = 0.000
INFO: [Route 35-416] Intermediate Timing Summary | WNS=14.571 | TNS=0.000  | WHS=-0.143 | THS=-6.964 |

Phase 2 Router Initialization | Checksum: ff0f5aaa

Time (s): cpu = 00:00:35 ; elapsed = 00:00:32 . Memory (MB): peak = 1833.574 ; gain = 0.000

Router Utilization Summary
  Global Vertical Routing Utilization    = 0.00207104 %
  Global Horizontal Routing Utilization  = 0.00507099 %
  Routable Net Status*
  *Does not include unroutable nets such as driverless and loadless.
  Run report_route_status for detailed report.
  Number of Failed Nets               = 678
    (Failed Nets is the sum of unrouted and partially routed nets)
  Number of Unrouted Nets             = 678
  Number of Partially Routed Nets     = 0
  Number of Node Overlaps             = 0


Phase 3 Initial Routing
Phase 3 Initial Routing | Checksum: 19746dad3

Time (s): cpu = 00:00:37 ; elapsed = 00:00:33 . Memory (MB): peak = 1833.574 ; gain = 0.000

Phase 4 Rip-up And Reroute

Phase 4.1 Global Iteration 0
 Number of Nodes with overlaps = 57
 Number of Nodes with overlaps = 1
 Number of Nodes with overlaps = 0
INFO: [Route 35-416] Intermediate Timing Summary | WNS=9.904  | TNS=0.000  | WHS=N/A    | THS=N/A    |

Phase 4.1 Global Iteration 0 | Checksum: 11291acc8

Time (s): cpu = 00:00:38 ; elapsed = 00:00:34 . Memory (MB): peak = 1833.574 ; gain = 0.000

Phase 4.2 Global Iteration 1
 Number of Nodes with overlaps = 0
INFO: [Route 35-416] Intermediate Timing Summary | WNS=9.904  | TNS=0.000  | WHS=N/A    | THS=N/A    |

Phase 4.2 Global Iteration 1 | Checksum: 1e172f42c

Time (s): cpu = 00:00:38 ; elapsed = 00:00:34 . Memory (MB): peak = 1833.574 ; gain = 0.000
Phase 4 Rip-up And Reroute | Checksum: 1e172f42c

Time (s): cpu = 00:00:38 ; elapsed = 00:00:34 . Memory (MB): peak = 1833.574 ; gain = 0.000

Phase 5 Delay and Skew Optimization

Phase 5.1 Delay CleanUp
Phase 5.1 Delay CleanUp | Checksum: 1e172f42c

Time (s): cpu = 00:00:38 ; elapsed = 00:00:34 . Memory (MB): peak = 1833.574 ; gain = 0.000

Phase 5.2 Clock Skew Optimization
Phase 5.2 Clock Skew Optimization | Checksum: 1e172f42c

Time (s): cpu = 00:00:38 ; elapsed = 00:00:34 . Memory (MB): peak = 1833.574 ; gain = 0.000
Phase 5 Delay and Skew Optimization | Checksum: 1e172f42c

Time (s): cpu = 00:00:38 ; elapsed = 00:00:34 . Memory (MB): peak = 1833.574 ; gain = 0.000

Phase 6 Post Hold Fix

Phase 6.1 Hold Fix Iter

Phase 6.1.1 Update Timing
Phase 6.1.1 Update Timing | Checksum: 24f35bdc1

Time (s): cpu = 00:00:38 ; elapsed = 00:00:34 . Memory (MB): peak = 1833.574 ; gain = 0.000
INFO: [Route 35-416] Intermediate Timing Summary | WNS=9.904  | TNS=0.000  | WHS=0.106  | THS=0.000  |

Phase 6.1 Hold Fix Iter | Checksum: 240053df4

Time (s): cpu = 00:00:38 ; elapsed = 00:00:34 . Memory (MB): peak = 1833.574 ; gain = 0.000
Phase 6 Post Hold Fix | Checksum: 240053df4

Time (s): cpu = 00:00:38 ; elapsed = 00:00:34 . Memory (MB): peak = 1833.574 ; gain = 0.000

Phase 7 Route finalize

Router Utilization Summary
  Global Vertical Routing Utilization    = 0.40903 %
  Global Horizontal Routing Utilization  = 0.453854 %
  Routable Net Status*
  *Does not include unroutable nets such as driverless and loadless.
  Run report_route_status for detailed report.
  Number of Failed Nets               = 0
    (Failed Nets is the sum of unrouted and partially routed nets)
  Number of Unrouted Nets             = 0
  Number of Partially Routed Nets     = 0
  Number of Node Overlaps             = 0

Phase 7 Route finalize | Checksum: 205a4d0df

Time (s): cpu = 00:00:38 ; elapsed = 00:00:34 . Memory (MB): peak = 1833.574 ; gain = 0.000

Phase 8 Verifying routed nets

 Verification completed successfully
Phase 8 Verifying routed nets | Checksum: 205a4d0df

Time (s): cpu = 00:00:38 ; elapsed = 00:00:34 . Memory (MB): peak = 1833.574 ; gain = 0.000

Phase 9 Depositing Routes
Phase 9 Depositing Routes | Checksum: 143288443

Time (s): cpu = 00:00:39 ; elapsed = 00:00:35 . Memory (MB): peak = 1833.574 ; gain = 0.000

Phase 10 Post Router Timing
INFO: [Route 35-57] Estimated Timing Summary | WNS=9.904  | TNS=0.000  | WHS=0.106  | THS=0.000  |

INFO: [Route 35-327] The final timing numbers are based on the router estimated timing analysis. For a complete and accurate timing signoff, please run report_timing_summary.
Phase 10 Post Router Timing | Checksum: 143288443

Time (s): cpu = 00:00:39 ; elapsed = 00:00:35 . Memory (MB): peak = 1833.574 ; gain = 0.000
INFO: [Route 35-16] Router Completed Successfully

Time (s): cpu = 00:00:39 ; elapsed = 00:00:35 . Memory (MB): peak = 1833.574 ; gain = 0.000

Routing Is Done.
INFO: [Common 17-83] Releasing license: Implementation
93 Infos, 5 Warnings, 0 Critical Warnings and 0 Errors encountered.
route_design completed successfully
route_design: Time (s): cpu = 00:00:41 ; elapsed = 00:00:36 . Memory (MB): peak = 1833.574 ; gain = 0.000
Netlist sorting complete. Time (s): cpu = 00:00:00 ; elapsed = 00:00:00.003 . Memory (MB): peak = 1833.574 ; gain = 0.000
INFO: [Timing 38-480] Writing timing data to binary archive.
Writing placer database...
Writing XDEF routing.
Writing XDEF routing logical nets.
Writing XDEF routing special nets.
Write XDEF Complete: Time (s): cpu = 00:00:01 ; elapsed = 00:00:00.327 . Memory (MB): peak = 1833.574 ; gain = 0.000
INFO: [Common 17-1381] The checkpoint 'D:/Ing/Master 1sem/Digitale/VHDL_Spectrogram/VHDL_Spectrogram.runs/impl_1/top_routed.dcp' has been generated.
INFO: [runtcl-4] Executing : report_drc -file top_drc_routed.rpt -pb top_drc_routed.pb -rpx top_drc_routed.rpx
Command: report_drc -file top_drc_routed.rpt -pb top_drc_routed.pb -rpx top_drc_routed.rpx
INFO: [IP_Flow 19-1839] IP Catalog is up to date.
INFO: [DRC 23-27] Running DRC with 2 threads
INFO: [Coretcl 2-168] The results of DRC are in file D:/Ing/Master 1sem/Digitale/VHDL_Spectrogram/VHDL_Spectrogram.runs/impl_1/top_drc_routed.rpt.
report_drc completed successfully
INFO: [runtcl-4] Executing : report_methodology -file top_methodology_drc_routed.rpt -pb top_methodology_drc_routed.pb -rpx top_methodology_drc_routed.rpx
Command: report_methodology -file top_methodology_drc_routed.rpt -pb top_methodology_drc_routed.pb -rpx top_methodology_drc_routed.rpx
INFO: [Timing 38-35] Done setting XDC timing constraints.
INFO: [DRC 23-133] Running Methodology with 2 threads
INFO: [Coretcl 2-1520] The results of Report Methodology are in file D:/Ing/Master 1sem/Digitale/VHDL_Spectrogram/VHDL_Spectrogram.runs/impl_1/top_methodology_drc_routed.rpt.
report_methodology completed successfully
INFO: [runtcl-4] Executing : report_power -file top_power_routed.rpt -pb top_power_summary_routed.pb -rpx top_power_routed.rpx
Command: report_power -file top_power_routed.rpt -pb top_power_summary_routed.pb -rpx top_power_routed.rpx
INFO: [Timing 38-35] Done setting XDC timing constraints.
Running Vector-less Activity Propagation...

Finished Running Vector-less Activity Propagation
105 Infos, 5 Warnings, 0 Critical Warnings and 0 Errors encountered.
report_power completed successfully
INFO: [runtcl-4] Executing : report_route_status -file top_route_status.rpt -pb top_route_status.pb
INFO: [runtcl-4] Executing : report_timing_summary -max_paths 10 -file top_timing_summary_routed.rpt -pb top_timing_summary_routed.pb -rpx top_timing_summary_routed.rpx -warn_on_violation 
INFO: [Timing 38-91] UpdateTimingParams: Speed grade: -1, Delay Type: min_max.
INFO: [Timing 38-191] Multithreading enabled for timing update using a maximum of 2 CPUs
INFO: [runtcl-4] Executing : report_incremental_reuse -file top_incremental_reuse_routed.rpt
INFO: [Vivado_Tcl 4-1062] Incremental flow is disabled. No incremental reuse Info to report.
INFO: [runtcl-4] Executing : report_clock_utilization -file top_clock_utilization_routed.rpt
INFO: [runtcl-4] Executing : report_bus_skew -warn_on_violation -file top_bus_skew_routed.rpt -pb top_bus_skew_routed.pb -rpx top_bus_skew_routed.rpx
INFO: [Timing 38-91] UpdateTimingParams: Speed grade: -1, Delay Type: min_max.
INFO: [Timing 38-191] Multithreading enabled for timing update using a maximum of 2 CPUs
Command: write_bitstream -force top.bit
Attempting to get a license for feature 'Implementation' and/or device 'xc7z020'
INFO: [Common 17-349] Got license for feature 'Implementation' and/or device 'xc7z020'
Running DRC as a precondition to command write_bitstream
INFO: [IP_Flow 19-1839] IP Catalog is up to date.
INFO: [DRC 23-27] Running DRC with 2 threads
WARNING: [DRC DPOP-1] PREG Output pipelining: DSP Beeld_inst/mem_interface_beeld_inst/LeesAdres0 output Beeld_inst/mem_interface_beeld_inst/LeesAdres0/P[47:0] is not pipelined (PREG=0). Pipelining the DSP48 output will improve performance and often saves power so it is suggested whenever possible to fully pipeline this function.  If this DSP48 function was inferred, it is suggested to describe an additional register stage after this function.  If the DSP48 was instantiated in the design, it is suggested to set the PREG attribute to 1.
WARNING: [DRC DPOP-2] MREG Output pipelining: DSP Beeld_inst/mem_interface_beeld_inst/LeesAdres0 multiplier stage Beeld_inst/mem_interface_beeld_inst/LeesAdres0/P[47:0] is not pipelined (MREG=0). Pipelining the multiplier function will improve performance and will save significant power so it is suggested whenever possible to fully pipeline this function.  If this multiplier was inferred, it is suggested to describe an additional register stage after this function.  If there is no registered adder/accumulator following the multiply function, two pipeline stages are suggested to allow both the MREG and PREG registers to be used.  If the DSP48 was instantiated in the design, it is suggested to set both the MREG and PREG attributes to 1 when performing multiply functions.
WARNING: [DRC PDCN-137] enum_RAM_EXTENSION_A_not_NONE_connects_ADDRARDADDRL15_Tieoff: RAMB36E1 site RAMB36_X0Y2 has BlockRam (Beeld_inst/mem_interface_beeld_inst/DUAL_PORT_RAM_inst/U0/inst_blk_mem_gen/gnbram.gnativebmg.native_blk_mem_gen/valid.cstr/ramloop[49].ram.r/prim_init.ram/DEVICE_7SERIES.NO_BMM_INFO.SDP.CASCADED_PRIM36.ram_B) with RAM_EXTENSION_A attribute set to LOWER and ADDRARADDRL15 pin tied to LOGIC 0 (GND). In this case only the Lower BRAM will be used.
WARNING: [DRC PDCN-137] enum_RAM_EXTENSION_A_not_NONE_connects_ADDRARDADDRL15_Tieoff: RAMB36E1 site RAMB36_X0Y3 has BlockRam (Beeld_inst/mem_interface_beeld_inst/DUAL_PORT_RAM_inst/U0/inst_blk_mem_gen/gnbram.gnativebmg.native_blk_mem_gen/valid.cstr/ramloop[49].ram.r/prim_init.ram/DEVICE_7SERIES.NO_BMM_INFO.SDP.CASCADED_PRIM36.ram_T) with RAM_EXTENSION_A attribute set to UPPER and ADDRARADDRL15 pin tied to LOGIC 0 (GND). In this case only the Lower BRAM will be used.
WARNING: [DRC PDCN-137] enum_RAM_EXTENSION_A_not_NONE_connects_ADDRARDADDRL15_Tieoff: RAMB36E1 site RAMB36_X0Y4 has BlockRam (Beeld_inst/mem_interface_beeld_inst/DUAL_PORT_RAM_inst/U0/inst_blk_mem_gen/gnbram.gnativebmg.native_blk_mem_gen/valid.cstr/ramloop[50].ram.r/prim_init.ram/DEVICE_7SERIES.NO_BMM_INFO.SDP.CASCADED_PRIM36.ram_B) with RAM_EXTENSION_A attribute set to LOWER and ADDRARADDRL15 pin tied to LOGIC 0 (GND). In this case only the Lower BRAM will be used.
WARNING: [DRC PDCN-137] enum_RAM_EXTENSION_A_not_NONE_connects_ADDRARDADDRL15_Tieoff: RAMB36E1 site RAMB36_X0Y5 has BlockRam (Beeld_inst/mem_interface_beeld_inst/DUAL_PORT_RAM_inst/U0/inst_blk_mem_gen/gnbram.gnativebmg.native_blk_mem_gen/valid.cstr/ramloop[50].ram.r/prim_init.ram/DEVICE_7SERIES.NO_BMM_INFO.SDP.CASCADED_PRIM36.ram_T) with RAM_EXTENSION_A attribute set to UPPER and ADDRARADDRL15 pin tied to LOGIC 0 (GND). In this case only the Lower BRAM will be used.
WARNING: [DRC PDCN-137] enum_RAM_EXTENSION_A_not_NONE_connects_ADDRARDADDRL15_Tieoff: RAMB36E1 site RAMB36_X0Y6 has BlockRam (Beeld_inst/mem_interface_beeld_inst/DUAL_PORT_RAM_inst/U0/inst_blk_mem_gen/gnbram.gnativebmg.native_blk_mem_gen/valid.cstr/ramloop[27].ram.r/prim_init.ram/DEVICE_7SERIES.NO_BMM_INFO.SDP.CASCADED_PRIM36.ram_B) with RAM_EXTENSION_A attribute set to LOWER and ADDRARADDRL15 pin tied to LOGIC 0 (GND). In this case only the Lower BRAM will be used.
WARNING: [DRC PDCN-137] enum_RAM_EXTENSION_A_not_NONE_connects_ADDRARDADDRL15_Tieoff: RAMB36E1 site RAMB36_X0Y7 has BlockRam (Beeld_inst/mem_interface_beeld_inst/DUAL_PORT_RAM_inst/U0/inst_blk_mem_gen/gnbram.gnativebmg.native_blk_mem_gen/valid.cstr/ramloop[27].ram.r/prim_init.ram/DEVICE_7SERIES.NO_BMM_INFO.SDP.CASCADED_PRIM36.ram_T) with RAM_EXTENSION_A attribute set to UPPER and ADDRARADDRL15 pin tied to LOGIC 0 (GND). In this case only the Lower BRAM will be used.
WARNING: [DRC PDCN-137] enum_RAM_EXTENSION_A_not_NONE_connects_ADDRARDADDRL15_Tieoff: RAMB36E1 site RAMB36_X0Y8 has BlockRam (Beeld_inst/mem_interface_beeld_inst/DUAL_PORT_RAM_inst/U0/inst_blk_mem_gen/gnbram.gnativebmg.native_blk_mem_gen/valid.cstr/ramloop[17].ram.r/prim_init.ram/DEVICE_7SERIES.NO_BMM_INFO.SDP.CASCADED_PRIM36.ram_B) with RAM_EXTENSION_A attribute set to LOWER and ADDRARADDRL15 pin tied to LOGIC 0 (GND). In this case only the Lower BRAM will be used.
WARNING: [DRC PDCN-137] enum_RAM_EXTENSION_A_not_NONE_connects_ADDRARDADDRL15_Tieoff: RAMB36E1 site RAMB36_X0Y9 has BlockRam (Beeld_inst/mem_interface_beeld_inst/DUAL_PORT_RAM_inst/U0/inst_blk_mem_gen/gnbram.gnativebmg.native_blk_mem_gen/valid.cstr/ramloop[17].ram.r/prim_init.ram/DEVICE_7SERIES.NO_BMM_INFO.SDP.CASCADED_PRIM36.ram_T) with RAM_EXTENSION_A attribute set to UPPER and ADDRARADDRL15 pin tied to LOGIC 0 (GND). In this case only the Lower BRAM will be used.
WARNING: [DRC PDCN-137] enum_RAM_EXTENSION_A_not_NONE_connects_ADDRARDADDRL15_Tieoff: RAMB36E1 site RAMB36_X1Y0 has BlockRam (Beeld_inst/mem_interface_beeld_inst/DUAL_PORT_RAM_inst/U0/inst_blk_mem_gen/gnbram.gnativebmg.native_blk_mem_gen/valid.cstr/ramloop[46].ram.r/prim_init.ram/DEVICE_7SERIES.NO_BMM_INFO.SDP.CASCADED_PRIM36.ram_B) with RAM_EXTENSION_A attribute set to LOWER and ADDRARADDRL15 pin tied to LOGIC 0 (GND). In this case only the Lower BRAM will be used.
WARNING: [DRC PDCN-137] enum_RAM_EXTENSION_A_not_NONE_connects_ADDRARDADDRL15_Tieoff: RAMB36E1 site RAMB36_X1Y1 has BlockRam (Beeld_inst/mem_interface_beeld_inst/DUAL_PORT_RAM_inst/U0/inst_blk_mem_gen/gnbram.gnativebmg.native_blk_mem_gen/valid.cstr/ramloop[46].ram.r/prim_init.ram/DEVICE_7SERIES.NO_BMM_INFO.SDP.CASCADED_PRIM36.ram_T) with RAM_EXTENSION_A attribute set to UPPER and ADDRARADDRL15 pin tied to LOGIC 0 (GND). In this case only the Lower BRAM will be used.
WARNING: [DRC PDCN-137] enum_RAM_EXTENSION_A_not_NONE_connects_ADDRARDADDRL15_Tieoff: RAMB36E1 site RAMB36_X1Y2 has BlockRam (Beeld_inst/mem_interface_beeld_inst/DUAL_PORT_RAM_inst/U0/inst_blk_mem_gen/gnbram.gnativebmg.native_blk_mem_gen/valid.cstr/ramloop[54].ram.r/prim_init.ram/DEVICE_7SERIES.NO_BMM_INFO.SDP.CASCADED_PRIM36.ram_B) with RAM_EXTENSION_A attribute set to LOWER and ADDRARADDRL15 pin tied to LOGIC 0 (GND). In this case only the Lower BRAM will be used.
WARNING: [DRC PDCN-137] enum_RAM_EXTENSION_A_not_NONE_connects_ADDRARDADDRL15_Tieoff: RAMB36E1 site RAMB36_X1Y3 has BlockRam (Beeld_inst/mem_interface_beeld_inst/DUAL_PORT_RAM_inst/U0/inst_blk_mem_gen/gnbram.gnativebmg.native_blk_mem_gen/valid.cstr/ramloop[54].ram.r/prim_init.ram/DEVICE_7SERIES.NO_BMM_INFO.SDP.CASCADED_PRIM36.ram_T) with RAM_EXTENSION_A attribute set to UPPER and ADDRARADDRL15 pin tied to LOGIC 0 (GND). In this case only the Lower BRAM will be used.
WARNING: [DRC PDCN-137] enum_RAM_EXTENSION_A_not_NONE_connects_ADDRARDADDRL15_Tieoff: RAMB36E1 site RAMB36_X1Y4 has BlockRam (Beeld_inst/mem_interface_beeld_inst/DUAL_PORT_RAM_inst/U0/inst_blk_mem_gen/gnbram.gnativebmg.native_blk_mem_gen/valid.cstr/ramloop[25].ram.r/prim_init.ram/DEVICE_7SERIES.NO_BMM_INFO.SDP.CASCADED_PRIM36.ram_B) with RAM_EXTENSION_A attribute set to LOWER and ADDRARADDRL15 pin tied to LOGIC 0 (GND). In this case only the Lower BRAM will be used.
WARNING: [DRC PDCN-137] enum_RAM_EXTENSION_A_not_NONE_connects_ADDRARDADDRL15_Tieoff: RAMB36E1 site RAMB36_X1Y5 has BlockRam (Beeld_inst/mem_interface_beeld_inst/DUAL_PORT_RAM_inst/U0/inst_blk_mem_gen/gnbram.gnativebmg.native_blk_mem_gen/valid.cstr/ramloop[25].ram.r/prim_init.ram/DEVICE_7SERIES.NO_BMM_INFO.SDP.CASCADED_PRIM36.ram_T) with RAM_EXTENSION_A attribute set to UPPER and ADDRARADDRL15 pin tied to LOGIC 0 (GND). In this case only the Lower BRAM will be used.
WARNING: [DRC PDCN-137] enum_RAM_EXTENSION_A_not_NONE_connects_ADDRARDADDRL15_Tieoff: RAMB36E1 site RAMB36_X1Y6 has BlockRam (Beeld_inst/mem_interface_beeld_inst/DUAL_PORT_RAM_inst/U0/inst_blk_mem_gen/gnbram.gnativebmg.native_blk_mem_gen/valid.cstr/ramloop[26].ram.r/prim_init.ram/DEVICE_7SERIES.NO_BMM_INFO.SDP.CASCADED_PRIM36.ram_B) with RAM_EXTENSION_A attribute set to LOWER and ADDRARADDRL15 pin tied to LOGIC 0 (GND). In this case only the Lower BRAM will be used.
WARNING: [DRC PDCN-137] enum_RAM_EXTENSION_A_not_NONE_connects_ADDRARDADDRL15_Tieoff: RAMB36E1 site RAMB36_X1Y7 has BlockRam (Beeld_inst/mem_interface_beeld_inst/DUAL_PORT_RAM_inst/U0/inst_blk_mem_gen/gnbram.gnativebmg.native_blk_mem_gen/valid.cstr/ramloop[26].ram.r/prim_init.ram/DEVICE_7SERIES.NO_BMM_INFO.SDP.CASCADED_PRIM36.ram_T) with RAM_EXTENSION_A attribute set to UPPER and ADDRARADDRL15 pin tied to LOGIC 0 (GND). In this case only the Lower BRAM will be used.
WARNING: [DRC PDCN-137] enum_RAM_EXTENSION_A_not_NONE_connects_ADDRARDADDRL15_Tieoff: RAMB36E1 site RAMB36_X1Y8 has BlockRam (Beeld_inst/mem_interface_beeld_inst/DUAL_PORT_RAM_inst/U0/inst_blk_mem_gen/gnbram.gnativebmg.native_blk_mem_gen/valid.cstr/ramloop[52].ram.r/prim_init.ram/DEVICE_7SERIES.NO_BMM_INFO.SDP.CASCADED_PRIM36.ram_B) with RAM_EXTENSION_A attribute set to LOWER and ADDRARADDRL15 pin tied to LOGIC 0 (GND). In this case only the Lower BRAM will be used.
WARNING: [DRC PDCN-137] enum_RAM_EXTENSION_A_not_NONE_connects_ADDRARDADDRL15_Tieoff: RAMB36E1 site RAMB36_X1Y9 has BlockRam (Beeld_inst/mem_interface_beeld_inst/DUAL_PORT_RAM_inst/U0/inst_blk_mem_gen/gnbram.gnativebmg.native_blk_mem_gen/valid.cstr/ramloop[52].ram.r/prim_init.ram/DEVICE_7SERIES.NO_BMM_INFO.SDP.CASCADED_PRIM36.ram_T) with RAM_EXTENSION_A attribute set to UPPER and ADDRARADDRL15 pin tied to LOGIC 0 (GND). In this case only the Lower BRAM will be used.
WARNING: [DRC PDCN-137] enum_RAM_EXTENSION_A_not_NONE_connects_ADDRARDADDRL15_Tieoff: RAMB36E1 site RAMB36_X2Y1 has BlockRam (Beeld_inst/mem_interface_beeld_inst/DUAL_PORT_RAM_inst/U0/inst_blk_mem_gen/gnbram.gnativebmg.native_blk_mem_gen/valid.cstr/ramloop[5].ram.r/prim_init.ram/DEVICE_7SERIES.NO_BMM_INFO.SDP.CASCADED_PRIM36.ram_B) with RAM_EXTENSION_A attribute set to LOWER and ADDRARADDRL15 pin tied to LOGIC 0 (GND). In this case only the Lower BRAM will be used.
WARNING: [DRC PDCN-137] enum_RAM_EXTENSION_A_not_NONE_connects_ADDRARDADDRL15_Tieoff: RAMB36E1 site RAMB36_X2Y10 has BlockRam (Beeld_inst/mem_interface_beeld_inst/DUAL_PORT_RAM_inst/U0/inst_blk_mem_gen/gnbram.gnativebmg.native_blk_mem_gen/valid.cstr/ramloop[6].ram.r/prim_init.ram/DEVICE_7SERIES.NO_BMM_INFO.SDP.CASCADED_PRIM36.ram_T) with RAM_EXTENSION_A attribute set to UPPER and ADDRARADDRL15 pin tied to LOGIC 0 (GND). In this case only the Lower BRAM will be used.
WARNING: [DRC PDCN-137] enum_RAM_EXTENSION_A_not_NONE_connects_ADDRARDADDRL15_Tieoff: RAMB36E1 site RAMB36_X2Y11 has BlockRam (Beeld_inst/mem_interface_beeld_inst/DUAL_PORT_RAM_inst/U0/inst_blk_mem_gen/gnbram.gnativebmg.native_blk_mem_gen/valid.cstr/ramloop[19].ram.r/prim_init.ram/DEVICE_7SERIES.NO_BMM_INFO.SDP.CASCADED_PRIM36.ram_B) with RAM_EXTENSION_A attribute set to LOWER and ADDRARADDRL15 pin tied to LOGIC 0 (GND). In this case only the Lower BRAM will be used.
WARNING: [DRC PDCN-137] enum_RAM_EXTENSION_A_not_NONE_connects_ADDRARDADDRL15_Tieoff: RAMB36E1 site RAMB36_X2Y12 has BlockRam (Beeld_inst/mem_interface_beeld_inst/DUAL_PORT_RAM_inst/U0/inst_blk_mem_gen/gnbram.gnativebmg.native_blk_mem_gen/valid.cstr/ramloop[19].ram.r/prim_init.ram/DEVICE_7SERIES.NO_BMM_INFO.SDP.CASCADED_PRIM36.ram_T) with RAM_EXTENSION_A attribute set to UPPER and ADDRARADDRL15 pin tied to LOGIC 0 (GND). In this case only the Lower BRAM will be used.
WARNING: [DRC PDCN-137] enum_RAM_EXTENSION_A_not_NONE_connects_ADDRARDADDRL15_Tieoff: RAMB36E1 site RAMB36_X2Y14 has BlockRam (Beeld_inst/mem_interface_beeld_inst/DUAL_PORT_RAM_inst/U0/inst_blk_mem_gen/gnbram.gnativebmg.native_blk_mem_gen/valid.cstr/ramloop[34].ram.r/prim_init.ram/DEVICE_7SERIES.NO_BMM_INFO.SDP.CASCADED_PRIM36.ram_B) with RAM_EXTENSION_A attribute set to LOWER and ADDRARADDRL15 pin tied to LOGIC 0 (GND). In this case only the Lower BRAM will be used.
WARNING: [DRC PDCN-137] enum_RAM_EXTENSION_A_not_NONE_connects_ADDRARDADDRL15_Tieoff: RAMB36E1 site RAMB36_X2Y15 has BlockRam (Beeld_inst/mem_interface_beeld_inst/DUAL_PORT_RAM_inst/U0/inst_blk_mem_gen/gnbram.gnativebmg.native_blk_mem_gen/valid.cstr/ramloop[34].ram.r/prim_init.ram/DEVICE_7SERIES.NO_BMM_INFO.SDP.CASCADED_PRIM36.ram_T) with RAM_EXTENSION_A attribute set to UPPER and ADDRARADDRL15 pin tied to LOGIC 0 (GND). In this case only the Lower BRAM will be used.
WARNING: [DRC PDCN-137] enum_RAM_EXTENSION_A_not_NONE_connects_ADDRARDADDRL15_Tieoff: RAMB36E1 site RAMB36_X2Y16 has BlockRam (Beeld_inst/mem_interface_beeld_inst/DUAL_PORT_RAM_inst/U0/inst_blk_mem_gen/gnbram.gnativebmg.native_blk_mem_gen/valid.cstr/ramloop[0].ram.r/prim_init.ram/DEVICE_7SERIES.NO_BMM_INFO.SDP.CASCADED_PRIM36.ram_B) with RAM_EXTENSION_A attribute set to LOWER and ADDRARADDRL15 pin tied to LOGIC 0 (GND). In this case only the Lower BRAM will be used.
WARNING: [DRC PDCN-137] enum_RAM_EXTENSION_A_not_NONE_connects_ADDRARDADDRL15_Tieoff: RAMB36E1 site RAMB36_X2Y17 has BlockRam (Beeld_inst/mem_interface_beeld_inst/DUAL_PORT_RAM_inst/U0/inst_blk_mem_gen/gnbram.gnativebmg.native_blk_mem_gen/valid.cstr/ramloop[0].ram.r/prim_init.ram/DEVICE_7SERIES.NO_BMM_INFO.SDP.CASCADED_PRIM36.ram_T) with RAM_EXTENSION_A attribute set to UPPER and ADDRARADDRL15 pin tied to LOGIC 0 (GND). In this case only the Lower BRAM will be used.
WARNING: [DRC PDCN-137] enum_RAM_EXTENSION_A_not_NONE_connects_ADDRARDADDRL15_Tieoff: RAMB36E1 site RAMB36_X2Y18 has BlockRam (Beeld_inst/mem_interface_beeld_inst/DUAL_PORT_RAM_inst/U0/inst_blk_mem_gen/gnbram.gnativebmg.native_blk_mem_gen/valid.cstr/ramloop[3].ram.r/prim_init.ram/DEVICE_7SERIES.NO_BMM_INFO.SDP.CASCADED_PRIM36.ram_B) with RAM_EXTENSION_A attribute set to LOWER and ADDRARADDRL15 pin tied to LOGIC 0 (GND). In this case only the Lower BRAM will be used.
WARNING: [DRC PDCN-137] enum_RAM_EXTENSION_A_not_NONE_connects_ADDRARDADDRL15_Tieoff: RAMB36E1 site RAMB36_X2Y19 has BlockRam (Beeld_inst/mem_interface_beeld_inst/DUAL_PORT_RAM_inst/U0/inst_blk_mem_gen/gnbram.gnativebmg.native_blk_mem_gen/valid.cstr/ramloop[3].ram.r/prim_init.ram/DEVICE_7SERIES.NO_BMM_INFO.SDP.CASCADED_PRIM36.ram_T) with RAM_EXTENSION_A attribute set to UPPER and ADDRARADDRL15 pin tied to LOGIC 0 (GND). In this case only the Lower BRAM will be used.
WARNING: [DRC PDCN-137] enum_RAM_EXTENSION_A_not_NONE_connects_ADDRARDADDRL15_Tieoff: RAMB36E1 site RAMB36_X2Y2 has BlockRam (Beeld_inst/mem_interface_beeld_inst/DUAL_PORT_RAM_inst/U0/inst_blk_mem_gen/gnbram.gnativebmg.native_blk_mem_gen/valid.cstr/ramloop[5].ram.r/prim_init.ram/DEVICE_7SERIES.NO_BMM_INFO.SDP.CASCADED_PRIM36.ram_T) with RAM_EXTENSION_A attribute set to UPPER and ADDRARADDRL15 pin tied to LOGIC 0 (GND). In this case only the Lower BRAM will be used.
WARNING: [DRC PDCN-137] enum_RAM_EXTENSION_A_not_NONE_connects_ADDRARDADDRL15_Tieoff: RAMB36E1 site RAMB36_X2Y20 has BlockRam (Beeld_inst/mem_interface_beeld_inst/DUAL_PORT_RAM_inst/U0/inst_blk_mem_gen/gnbram.gnativebmg.native_blk_mem_gen/valid.cstr/ramloop[43].ram.r/prim_init.ram/DEVICE_7SERIES.NO_BMM_INFO.SDP.CASCADED_PRIM36.ram_B) with RAM_EXTENSION_A attribute set to LOWER and ADDRARADDRL15 pin tied to LOGIC 0 (GND). In this case only the Lower BRAM will be used.
WARNING: [DRC PDCN-137] enum_RAM_EXTENSION_A_not_NONE_connects_ADDRARDADDRL15_Tieoff: RAMB36E1 site RAMB36_X2Y21 has BlockRam (Beeld_inst/mem_interface_beeld_inst/DUAL_PORT_RAM_inst/U0/inst_blk_mem_gen/gnbram.gnativebmg.native_blk_mem_gen/valid.cstr/ramloop[43].ram.r/prim_init.ram/DEVICE_7SERIES.NO_BMM_INFO.SDP.CASCADED_PRIM36.ram_T) with RAM_EXTENSION_A attribute set to UPPER and ADDRARADDRL15 pin tied to LOGIC 0 (GND). In this case only the Lower BRAM will be used.
WARNING: [DRC PDCN-137] enum_RAM_EXTENSION_A_not_NONE_connects_ADDRARDADDRL15_Tieoff: RAMB36E1 site RAMB36_X2Y22 has BlockRam (Beeld_inst/mem_interface_beeld_inst/DUAL_PORT_RAM_inst/U0/inst_blk_mem_gen/gnbram.gnativebmg.native_blk_mem_gen/valid.cstr/ramloop[18].ram.r/prim_init.ram/DEVICE_7SERIES.NO_BMM_INFO.SDP.CASCADED_PRIM36.ram_B) with RAM_EXTENSION_A attribute set to LOWER and ADDRARADDRL15 pin tied to LOGIC 0 (GND). In this case only the Lower BRAM will be used.
WARNING: [DRC PDCN-137] enum_RAM_EXTENSION_A_not_NONE_connects_ADDRARDADDRL15_Tieoff: RAMB36E1 site RAMB36_X2Y23 has BlockRam (Beeld_inst/mem_interface_beeld_inst/DUAL_PORT_RAM_inst/U0/inst_blk_mem_gen/gnbram.gnativebmg.native_blk_mem_gen/valid.cstr/ramloop[18].ram.r/prim_init.ram/DEVICE_7SERIES.NO_BMM_INFO.SDP.CASCADED_PRIM36.ram_T) with RAM_EXTENSION_A attribute set to UPPER and ADDRARADDRL15 pin tied to LOGIC 0 (GND). In this case only the Lower BRAM will be used.
WARNING: [DRC PDCN-137] enum_RAM_EXTENSION_A_not_NONE_connects_ADDRARDADDRL15_Tieoff: RAMB36E1 site RAMB36_X2Y24 has BlockRam (Beeld_inst/mem_interface_beeld_inst/DUAL_PORT_RAM_inst/U0/inst_blk_mem_gen/gnbram.gnativebmg.native_blk_mem_gen/valid.cstr/ramloop[1].ram.r/prim_init.ram/DEVICE_7SERIES.NO_BMM_INFO.SDP.CASCADED_PRIM36.ram_B) with RAM_EXTENSION_A attribute set to LOWER and ADDRARADDRL15 pin tied to LOGIC 0 (GND). In this case only the Lower BRAM will be used.
WARNING: [DRC PDCN-137] enum_RAM_EXTENSION_A_not_NONE_connects_ADDRARDADDRL15_Tieoff: RAMB36E1 site RAMB36_X2Y25 has BlockRam (Beeld_inst/mem_interface_beeld_inst/DUAL_PORT_RAM_inst/U0/inst_blk_mem_gen/gnbram.gnativebmg.native_blk_mem_gen/valid.cstr/ramloop[1].ram.r/prim_init.ram/DEVICE_7SERIES.NO_BMM_INFO.SDP.CASCADED_PRIM36.ram_T) with RAM_EXTENSION_A attribute set to UPPER and ADDRARADDRL15 pin tied to LOGIC 0 (GND). In this case only the Lower BRAM will be used.
WARNING: [DRC PDCN-137] enum_RAM_EXTENSION_A_not_NONE_connects_ADDRARDADDRL15_Tieoff: RAMB36E1 site RAMB36_X2Y3 has BlockRam (Beeld_inst/mem_interface_beeld_inst/DUAL_PORT_RAM_inst/U0/inst_blk_mem_gen/gnbram.gnativebmg.native_blk_mem_gen/valid.cstr/ramloop[14].ram.r/prim_init.ram/DEVICE_7SERIES.NO_BMM_INFO.SDP.CASCADED_PRIM36.ram_B) with RAM_EXTENSION_A attribute set to LOWER and ADDRARADDRL15 pin tied to LOGIC 0 (GND). In this case only the Lower BRAM will be used.
WARNING: [DRC PDCN-137] enum_RAM_EXTENSION_A_not_NONE_connects_ADDRARDADDRL15_Tieoff: RAMB36E1 site RAMB36_X2Y4 has BlockRam (Beeld_inst/mem_interface_beeld_inst/DUAL_PORT_RAM_inst/U0/inst_blk_mem_gen/gnbram.gnativebmg.native_blk_mem_gen/valid.cstr/ramloop[14].ram.r/prim_init.ram/DEVICE_7SERIES.NO_BMM_INFO.SDP.CASCADED_PRIM36.ram_T) with RAM_EXTENSION_A attribute set to UPPER and ADDRARADDRL15 pin tied to LOGIC 0 (GND). In this case only the Lower BRAM will be used.
WARNING: [DRC PDCN-137] enum_RAM_EXTENSION_A_not_NONE_connects_ADDRARDADDRL15_Tieoff: RAMB36E1 site RAMB36_X2Y5 has BlockRam (Beeld_inst/mem_interface_beeld_inst/DUAL_PORT_RAM_inst/U0/inst_blk_mem_gen/gnbram.gnativebmg.native_blk_mem_gen/valid.cstr/ramloop[53].ram.r/prim_init.ram/DEVICE_7SERIES.NO_BMM_INFO.SDP.CASCADED_PRIM36.ram_B) with RAM_EXTENSION_A attribute set to LOWER and ADDRARADDRL15 pin tied to LOGIC 0 (GND). In this case only the Lower BRAM will be used.
WARNING: [DRC PDCN-137] enum_RAM_EXTENSION_A_not_NONE_connects_ADDRARDADDRL15_Tieoff: RAMB36E1 site RAMB36_X2Y6 has BlockRam (Beeld_inst/mem_interface_beeld_inst/DUAL_PORT_RAM_inst/U0/inst_blk_mem_gen/gnbram.gnativebmg.native_blk_mem_gen/valid.cstr/ramloop[53].ram.r/prim_init.ram/DEVICE_7SERIES.NO_BMM_INFO.SDP.CASCADED_PRIM36.ram_T) with RAM_EXTENSION_A attribute set to UPPER and ADDRARADDRL15 pin tied to LOGIC 0 (GND). In this case only the Lower BRAM will be used.
WARNING: [DRC PDCN-137] enum_RAM_EXTENSION_A_not_NONE_connects_ADDRARDADDRL15_Tieoff: RAMB36E1 site RAMB36_X2Y7 has BlockRam (Beeld_inst/mem_interface_beeld_inst/DUAL_PORT_RAM_inst/U0/inst_blk_mem_gen/gnbram.gnativebmg.native_blk_mem_gen/valid.cstr/ramloop[40].ram.r/prim_init.ram/DEVICE_7SERIES.NO_BMM_INFO.SDP.CASCADED_PRIM36.ram_B) with RAM_EXTENSION_A attribute set to LOWER and ADDRARADDRL15 pin tied to LOGIC 0 (GND). In this case only the Lower BRAM will be used.
WARNING: [DRC PDCN-137] enum_RAM_EXTENSION_A_not_NONE_connects_ADDRARDADDRL15_Tieoff: RAMB36E1 site RAMB36_X2Y8 has BlockRam (Beeld_inst/mem_interface_beeld_inst/DUAL_PORT_RAM_inst/U0/inst_blk_mem_gen/gnbram.gnativebmg.native_blk_mem_gen/valid.cstr/ramloop[40].ram.r/prim_init.ram/DEVICE_7SERIES.NO_BMM_INFO.SDP.CASCADED_PRIM36.ram_T) with RAM_EXTENSION_A attribute set to UPPER and ADDRARADDRL15 pin tied to LOGIC 0 (GND). In this case only the Lower BRAM will be used.
WARNING: [DRC PDCN-137] enum_RAM_EXTENSION_A_not_NONE_connects_ADDRARDADDRL15_Tieoff: RAMB36E1 site RAMB36_X2Y9 has BlockRam (Beeld_inst/mem_interface_beeld_inst/DUAL_PORT_RAM_inst/U0/inst_blk_mem_gen/gnbram.gnativebmg.native_blk_mem_gen/valid.cstr/ramloop[6].ram.r/prim_init.ram/DEVICE_7SERIES.NO_BMM_INFO.SDP.CASCADED_PRIM36.ram_B) with RAM_EXTENSION_A attribute set to LOWER and ADDRARADDRL15 pin tied to LOGIC 0 (GND). In this case only the Lower BRAM will be used.
WARNING: [DRC PDCN-137] enum_RAM_EXTENSION_A_not_NONE_connects_ADDRARDADDRL15_Tieoff: RAMB36E1 site RAMB36_X3Y0 has BlockRam (Beeld_inst/mem_interface_beeld_inst/DUAL_PORT_RAM_inst/U0/inst_blk_mem_gen/gnbram.gnativebmg.native_blk_mem_gen/valid.cstr/ramloop[30].ram.r/prim_init.ram/DEVICE_7SERIES.NO_BMM_INFO.SDP.CASCADED_PRIM36.ram_B) with RAM_EXTENSION_A attribute set to LOWER and ADDRARADDRL15 pin tied to LOGIC 0 (GND). In this case only the Lower BRAM will be used.
WARNING: [DRC PDCN-137] enum_RAM_EXTENSION_A_not_NONE_connects_ADDRARDADDRL15_Tieoff: RAMB36E1 site RAMB36_X3Y1 has BlockRam (Beeld_inst/mem_interface_beeld_inst/DUAL_PORT_RAM_inst/U0/inst_blk_mem_gen/gnbram.gnativebmg.native_blk_mem_gen/valid.cstr/ramloop[30].ram.r/prim_init.ram/DEVICE_7SERIES.NO_BMM_INFO.SDP.CASCADED_PRIM36.ram_T) with RAM_EXTENSION_A attribute set to UPPER and ADDRARADDRL15 pin tied to LOGIC 0 (GND). In this case only the Lower BRAM will be used.
WARNING: [DRC PDCN-137] enum_RAM_EXTENSION_A_not_NONE_connects_ADDRARDADDRL15_Tieoff: RAMB36E1 site RAMB36_X3Y10 has BlockRam (Beeld_inst/mem_interface_beeld_inst/DUAL_PORT_RAM_inst/U0/inst_blk_mem_gen/gnbram.gnativebmg.native_blk_mem_gen/valid.cstr/ramloop[9].ram.r/prim_init.ram/DEVICE_7SERIES.NO_BMM_INFO.SDP.CASCADED_PRIM36.ram_B) with RAM_EXTENSION_A attribute set to LOWER and ADDRARADDRL15 pin tied to LOGIC 0 (GND). In this case only the Lower BRAM will be used.
WARNING: [DRC PDCN-137] enum_RAM_EXTENSION_A_not_NONE_connects_ADDRARDADDRL15_Tieoff: RAMB36E1 site RAMB36_X3Y11 has BlockRam (Beeld_inst/mem_interface_beeld_inst/DUAL_PORT_RAM_inst/U0/inst_blk_mem_gen/gnbram.gnativebmg.native_blk_mem_gen/valid.cstr/ramloop[9].ram.r/prim_init.ram/DEVICE_7SERIES.NO_BMM_INFO.SDP.CASCADED_PRIM36.ram_T) with RAM_EXTENSION_A attribute set to UPPER and ADDRARADDRL15 pin tied to LOGIC 0 (GND). In this case only the Lower BRAM will be used.
WARNING: [DRC PDCN-137] enum_RAM_EXTENSION_A_not_NONE_connects_ADDRARDADDRL15_Tieoff: RAMB36E1 site RAMB36_X3Y12 has BlockRam (Beeld_inst/mem_interface_beeld_inst/DUAL_PORT_RAM_inst/U0/inst_blk_mem_gen/gnbram.gnativebmg.native_blk_mem_gen/valid.cstr/ramloop[55].ram.r/prim_init.ram/DEVICE_7SERIES.NO_BMM_INFO.SDP.CASCADED_PRIM36.ram_B) with RAM_EXTENSION_A attribute set to LOWER and ADDRARADDRL15 pin tied to LOGIC 0 (GND). In this case only the Lower BRAM will be used.
WARNING: [DRC PDCN-137] enum_RAM_EXTENSION_A_not_NONE_connects_ADDRARDADDRL15_Tieoff: RAMB36E1 site RAMB36_X3Y13 has BlockRam (Beeld_inst/mem_interface_beeld_inst/DUAL_PORT_RAM_inst/U0/inst_blk_mem_gen/gnbram.gnativebmg.native_blk_mem_gen/valid.cstr/ramloop[55].ram.r/prim_init.ram/DEVICE_7SERIES.NO_BMM_INFO.SDP.CASCADED_PRIM36.ram_T) with RAM_EXTENSION_A attribute set to UPPER and ADDRARADDRL15 pin tied to LOGIC 0 (GND). In this case only the Lower BRAM will be used.
WARNING: [DRC PDCN-137] enum_RAM_EXTENSION_A_not_NONE_connects_ADDRARDADDRL15_Tieoff: RAMB36E1 site RAMB36_X3Y16 has BlockRam (Beeld_inst/mem_interface_beeld_inst/DUAL_PORT_RAM_inst/U0/inst_blk_mem_gen/gnbram.gnativebmg.native_blk_mem_gen/valid.cstr/ramloop[41].ram.r/prim_init.ram/DEVICE_7SERIES.NO_BMM_INFO.SDP.CASCADED_PRIM36.ram_B) with RAM_EXTENSION_A attribute set to LOWER and ADDRARADDRL15 pin tied to LOGIC 0 (GND). In this case only the Lower BRAM will be used.
WARNING: [DRC PDCN-137] enum_RAM_EXTENSION_A_not_NONE_connects_ADDRARDADDRL15_Tieoff: RAMB36E1 site RAMB36_X3Y17 has BlockRam (Beeld_inst/mem_interface_beeld_inst/DUAL_PORT_RAM_inst/U0/inst_blk_mem_gen/gnbram.gnativebmg.native_blk_mem_gen/valid.cstr/ramloop[41].ram.r/prim_init.ram/DEVICE_7SERIES.NO_BMM_INFO.SDP.CASCADED_PRIM36.ram_T) with RAM_EXTENSION_A attribute set to UPPER and ADDRARADDRL15 pin tied to LOGIC 0 (GND). In this case only the Lower BRAM will be used.
WARNING: [DRC PDCN-137] enum_RAM_EXTENSION_A_not_NONE_connects_ADDRARDADDRL15_Tieoff: RAMB36E1 site RAMB36_X3Y18 has BlockRam (Beeld_inst/mem_interface_beeld_inst/DUAL_PORT_RAM_inst/U0/inst_blk_mem_gen/gnbram.gnativebmg.native_blk_mem_gen/valid.cstr/ramloop[44].ram.r/prim_init.ram/DEVICE_7SERIES.NO_BMM_INFO.SDP.CASCADED_PRIM36.ram_B) with RAM_EXTENSION_A attribute set to LOWER and ADDRARADDRL15 pin tied to LOGIC 0 (GND). In this case only the Lower BRAM will be used.
WARNING: [DRC PDCN-137] enum_RAM_EXTENSION_A_not_NONE_connects_ADDRARDADDRL15_Tieoff: RAMB36E1 site RAMB36_X3Y19 has BlockRam (Beeld_inst/mem_interface_beeld_inst/DUAL_PORT_RAM_inst/U0/inst_blk_mem_gen/gnbram.gnativebmg.native_blk_mem_gen/valid.cstr/ramloop[44].ram.r/prim_init.ram/DEVICE_7SERIES.NO_BMM_INFO.SDP.CASCADED_PRIM36.ram_T) with RAM_EXTENSION_A attribute set to UPPER and ADDRARADDRL15 pin tied to LOGIC 0 (GND). In this case only the Lower BRAM will be used.
WARNING: [DRC PDCN-137] enum_RAM_EXTENSION_A_not_NONE_connects_ADDRARDADDRL15_Tieoff: RAMB36E1 site RAMB36_X3Y2 has BlockRam (Beeld_inst/mem_interface_beeld_inst/DUAL_PORT_RAM_inst/U0/inst_blk_mem_gen/gnbram.gnativebmg.native_blk_mem_gen/valid.cstr/ramloop[22].ram.r/prim_init.ram/DEVICE_7SERIES.NO_BMM_INFO.SDP.CASCADED_PRIM36.ram_B) with RAM_EXTENSION_A attribute set to LOWER and ADDRARADDRL15 pin tied to LOGIC 0 (GND). In this case only the Lower BRAM will be used.
WARNING: [DRC PDCN-137] enum_RAM_EXTENSION_A_not_NONE_connects_ADDRARDADDRL15_Tieoff: RAMB36E1 site RAMB36_X3Y20 has BlockRam (Beeld_inst/mem_interface_beeld_inst/DUAL_PORT_RAM_inst/U0/inst_blk_mem_gen/gnbram.gnativebmg.native_blk_mem_gen/valid.cstr/ramloop[11].ram.r/prim_init.ram/DEVICE_7SERIES.NO_BMM_INFO.SDP.CASCADED_PRIM36.ram_B) with RAM_EXTENSION_A attribute set to LOWER and ADDRARADDRL15 pin tied to LOGIC 0 (GND). In this case only the Lower BRAM will be used.
WARNING: [DRC PDCN-137] enum_RAM_EXTENSION_A_not_NONE_connects_ADDRARDADDRL15_Tieoff: RAMB36E1 site RAMB36_X3Y21 has BlockRam (Beeld_inst/mem_interface_beeld_inst/DUAL_PORT_RAM_inst/U0/inst_blk_mem_gen/gnbram.gnativebmg.native_blk_mem_gen/valid.cstr/ramloop[11].ram.r/prim_init.ram/DEVICE_7SERIES.NO_BMM_INFO.SDP.CASCADED_PRIM36.ram_T) with RAM_EXTENSION_A attribute set to UPPER and ADDRARADDRL15 pin tied to LOGIC 0 (GND). In this case only the Lower BRAM will be used.
WARNING: [DRC PDCN-137] enum_RAM_EXTENSION_A_not_NONE_connects_ADDRARDADDRL15_Tieoff: RAMB36E1 site RAMB36_X3Y22 has BlockRam (Beeld_inst/mem_interface_beeld_inst/DUAL_PORT_RAM_inst/U0/inst_blk_mem_gen/gnbram.gnativebmg.native_blk_mem_gen/valid.cstr/ramloop[10].ram.r/prim_init.ram/DEVICE_7SERIES.NO_BMM_INFO.SDP.CASCADED_PRIM36.ram_B) with RAM_EXTENSION_A attribute set to LOWER and ADDRARADDRL15 pin tied to LOGIC 0 (GND). In this case only the Lower BRAM will be used.
WARNING: [DRC PDCN-137] enum_RAM_EXTENSION_A_not_NONE_connects_ADDRARDADDRL15_Tieoff: RAMB36E1 site RAMB36_X3Y23 has BlockRam (Beeld_inst/mem_interface_beeld_inst/DUAL_PORT_RAM_inst/U0/inst_blk_mem_gen/gnbram.gnativebmg.native_blk_mem_gen/valid.cstr/ramloop[10].ram.r/prim_init.ram/DEVICE_7SERIES.NO_BMM_INFO.SDP.CASCADED_PRIM36.ram_T) with RAM_EXTENSION_A attribute set to UPPER and ADDRARADDRL15 pin tied to LOGIC 0 (GND). In this case only the Lower BRAM will be used.
WARNING: [DRC PDCN-137] enum_RAM_EXTENSION_A_not_NONE_connects_ADDRARDADDRL15_Tieoff: RAMB36E1 site RAMB36_X3Y24 has BlockRam (Beeld_inst/mem_interface_beeld_inst/DUAL_PORT_RAM_inst/U0/inst_blk_mem_gen/gnbram.gnativebmg.native_blk_mem_gen/valid.cstr/ramloop[42].ram.r/prim_init.ram/DEVICE_7SERIES.NO_BMM_INFO.SDP.CASCADED_PRIM36.ram_B) with RAM_EXTENSION_A attribute set to LOWER and ADDRARADDRL15 pin tied to LOGIC 0 (GND). In this case only the Lower BRAM will be used.
WARNING: [DRC PDCN-137] enum_RAM_EXTENSION_A_not_NONE_connects_ADDRARDADDRL15_Tieoff: RAMB36E1 site RAMB36_X3Y25 has BlockRam (Beeld_inst/mem_interface_beeld_inst/DUAL_PORT_RAM_inst/U0/inst_blk_mem_gen/gnbram.gnativebmg.native_blk_mem_gen/valid.cstr/ramloop[42].ram.r/prim_init.ram/DEVICE_7SERIES.NO_BMM_INFO.SDP.CASCADED_PRIM36.ram_T) with RAM_EXTENSION_A attribute set to UPPER and ADDRARADDRL15 pin tied to LOGIC 0 (GND). In this case only the Lower BRAM will be used.
WARNING: [DRC PDCN-137] enum_RAM_EXTENSION_A_not_NONE_connects_ADDRARDADDRL15_Tieoff: RAMB36E1 site RAMB36_X3Y26 has BlockRam (Beeld_inst/mem_interface_beeld_inst/DUAL_PORT_RAM_inst/U0/inst_blk_mem_gen/gnbram.gnativebmg.native_blk_mem_gen/valid.cstr/ramloop[35].ram.r/prim_init.ram/DEVICE_7SERIES.NO_BMM_INFO.SDP.CASCADED_PRIM36.ram_B) with RAM_EXTENSION_A attribute set to LOWER and ADDRARADDRL15 pin tied to LOGIC 0 (GND). In this case only the Lower BRAM will be used.
WARNING: [DRC PDCN-137] enum_RAM_EXTENSION_A_not_NONE_connects_ADDRARDADDRL15_Tieoff: RAMB36E1 site RAMB36_X3Y27 has BlockRam (Beeld_inst/mem_interface_beeld_inst/DUAL_PORT_RAM_inst/U0/inst_blk_mem_gen/gnbram.gnativebmg.native_blk_mem_gen/valid.cstr/ramloop[35].ram.r/prim_init.ram/DEVICE_7SERIES.NO_BMM_INFO.SDP.CASCADED_PRIM36.ram_T) with RAM_EXTENSION_A attribute set to UPPER and ADDRARADDRL15 pin tied to LOGIC 0 (GND). In this case only the Lower BRAM will be used.
WARNING: [DRC PDCN-137] enum_RAM_EXTENSION_A_not_NONE_connects_ADDRARDADDRL15_Tieoff: RAMB36E1 site RAMB36_X3Y3 has BlockRam (Beeld_inst/mem_interface_beeld_inst/DUAL_PORT_RAM_inst/U0/inst_blk_mem_gen/gnbram.gnativebmg.native_blk_mem_gen/valid.cstr/ramloop[22].ram.r/prim_init.ram/DEVICE_7SERIES.NO_BMM_INFO.SDP.CASCADED_PRIM36.ram_T) with RAM_EXTENSION_A attribute set to UPPER and ADDRARADDRL15 pin tied to LOGIC 0 (GND). In this case only the Lower BRAM will be used.
WARNING: [DRC PDCN-137] enum_RAM_EXTENSION_A_not_NONE_connects_ADDRARDADDRL15_Tieoff: RAMB36E1 site RAMB36_X3Y4 has BlockRam (Beeld_inst/mem_interface_beeld_inst/DUAL_PORT_RAM_inst/U0/inst_blk_mem_gen/gnbram.gnativebmg.native_blk_mem_gen/valid.cstr/ramloop[13].ram.r/prim_init.ram/DEVICE_7SERIES.NO_BMM_INFO.SDP.CASCADED_PRIM36.ram_B) with RAM_EXTENSION_A attribute set to LOWER and ADDRARADDRL15 pin tied to LOGIC 0 (GND). In this case only the Lower BRAM will be used.
WARNING: [DRC PDCN-137] enum_RAM_EXTENSION_A_not_NONE_connects_ADDRARDADDRL15_Tieoff: RAMB36E1 site RAMB36_X3Y5 has BlockRam (Beeld_inst/mem_interface_beeld_inst/DUAL_PORT_RAM_inst/U0/inst_blk_mem_gen/gnbram.gnativebmg.native_blk_mem_gen/valid.cstr/ramloop[13].ram.r/prim_init.ram/DEVICE_7SERIES.NO_BMM_INFO.SDP.CASCADED_PRIM36.ram_T) with RAM_EXTENSION_A attribute set to UPPER and ADDRARADDRL15 pin tied to LOGIC 0 (GND). In this case only the Lower BRAM will be used.
WARNING: [DRC PDCN-137] enum_RAM_EXTENSION_A_not_NONE_connects_ADDRARDADDRL15_Tieoff: RAMB36E1 site RAMB36_X3Y6 has BlockRam (Beeld_inst/mem_interface_beeld_inst/DUAL_PORT_RAM_inst/U0/inst_blk_mem_gen/gnbram.gnativebmg.native_blk_mem_gen/valid.cstr/ramloop[38].ram.r/prim_init.ram/DEVICE_7SERIES.NO_BMM_INFO.SDP.CASCADED_PRIM36.ram_B) with RAM_EXTENSION_A attribute set to LOWER and ADDRARADDRL15 pin tied to LOGIC 0 (GND). In this case only the Lower BRAM will be used.
WARNING: [DRC PDCN-137] enum_RAM_EXTENSION_A_not_NONE_connects_ADDRARDADDRL15_Tieoff: RAMB36E1 site RAMB36_X3Y7 has BlockRam (Beeld_inst/mem_interface_beeld_inst/DUAL_PORT_RAM_inst/U0/inst_blk_mem_gen/gnbram.gnativebmg.native_blk_mem_gen/valid.cstr/ramloop[38].ram.r/prim_init.ram/DEVICE_7SERIES.NO_BMM_INFO.SDP.CASCADED_PRIM36.ram_T) with RAM_EXTENSION_A attribute set to UPPER and ADDRARADDRL15 pin tied to LOGIC 0 (GND). In this case only the Lower BRAM will be used.
WARNING: [DRC PDCN-137] enum_RAM_EXTENSION_A_not_NONE_connects_ADDRARDADDRL15_Tieoff: RAMB36E1 site RAMB36_X3Y8 has BlockRam (Beeld_inst/mem_interface_beeld_inst/DUAL_PORT_RAM_inst/U0/inst_blk_mem_gen/gnbram.gnativebmg.native_blk_mem_gen/valid.cstr/ramloop[4].ram.r/prim_init.ram/DEVICE_7SERIES.NO_BMM_INFO.SDP.CASCADED_PRIM36.ram_B) with RAM_EXTENSION_A attribute set to LOWER and ADDRARADDRL15 pin tied to LOGIC 0 (GND). In this case only the Lower BRAM will be used.
WARNING: [DRC PDCN-137] enum_RAM_EXTENSION_A_not_NONE_connects_ADDRARDADDRL15_Tieoff: RAMB36E1 site RAMB36_X3Y9 has BlockRam (Beeld_inst/mem_interface_beeld_inst/DUAL_PORT_RAM_inst/U0/inst_blk_mem_gen/gnbram.gnativebmg.native_blk_mem_gen/valid.cstr/ramloop[4].ram.r/prim_init.ram/DEVICE_7SERIES.NO_BMM_INFO.SDP.CASCADED_PRIM36.ram_T) with RAM_EXTENSION_A attribute set to UPPER and ADDRARADDRL15 pin tied to LOGIC 0 (GND). In this case only the Lower BRAM will be used.
WARNING: [DRC PDCN-137] enum_RAM_EXTENSION_A_not_NONE_connects_ADDRARDADDRL15_Tieoff: RAMB36E1 site RAMB36_X4Y10 has BlockRam (Beeld_inst/mem_interface_beeld_inst/DUAL_PORT_RAM_inst/U0/inst_blk_mem_gen/gnbram.gnativebmg.native_blk_mem_gen/valid.cstr/ramloop[20].ram.r/prim_init.ram/DEVICE_7SERIES.NO_BMM_INFO.SDP.CASCADED_PRIM36.ram_B) with RAM_EXTENSION_A attribute set to LOWER and ADDRARADDRL15 pin tied to LOGIC 0 (GND). In this case only the Lower BRAM will be used.
WARNING: [DRC PDCN-137] enum_RAM_EXTENSION_A_not_NONE_connects_ADDRARDADDRL15_Tieoff: RAMB36E1 site RAMB36_X4Y11 has BlockRam (Beeld_inst/mem_interface_beeld_inst/DUAL_PORT_RAM_inst/U0/inst_blk_mem_gen/gnbram.gnativebmg.native_blk_mem_gen/valid.cstr/ramloop[20].ram.r/prim_init.ram/DEVICE_7SERIES.NO_BMM_INFO.SDP.CASCADED_PRIM36.ram_T) with RAM_EXTENSION_A attribute set to UPPER and ADDRARADDRL15 pin tied to LOGIC 0 (GND). In this case only the Lower BRAM will be used.
WARNING: [DRC PDCN-137] enum_RAM_EXTENSION_A_not_NONE_connects_ADDRARDADDRL15_Tieoff: RAMB36E1 site RAMB36_X4Y15 has BlockRam (Beeld_inst/mem_interface_beeld_inst/DUAL_PORT_RAM_inst/U0/inst_blk_mem_gen/gnbram.gnativebmg.native_blk_mem_gen/valid.cstr/ramloop[36].ram.r/prim_init.ram/DEVICE_7SERIES.NO_BMM_INFO.SDP.CASCADED_PRIM36.ram_B) with RAM_EXTENSION_A attribute set to LOWER and ADDRARADDRL15 pin tied to LOGIC 0 (GND). In this case only the Lower BRAM will be used.
WARNING: [DRC PDCN-137] enum_RAM_EXTENSION_A_not_NONE_connects_ADDRARDADDRL15_Tieoff: RAMB36E1 site RAMB36_X4Y16 has BlockRam (Beeld_inst/mem_interface_beeld_inst/DUAL_PORT_RAM_inst/U0/inst_blk_mem_gen/gnbram.gnativebmg.native_blk_mem_gen/valid.cstr/ramloop[36].ram.r/prim_init.ram/DEVICE_7SERIES.NO_BMM_INFO.SDP.CASCADED_PRIM36.ram_T) with RAM_EXTENSION_A attribute set to UPPER and ADDRARADDRL15 pin tied to LOGIC 0 (GND). In this case only the Lower BRAM will be used.
WARNING: [DRC PDCN-137] enum_RAM_EXTENSION_A_not_NONE_connects_ADDRARDADDRL15_Tieoff: RAMB36E1 site RAMB36_X4Y17 has BlockRam (Beeld_inst/mem_interface_beeld_inst/DUAL_PORT_RAM_inst/U0/inst_blk_mem_gen/gnbram.gnativebmg.native_blk_mem_gen/valid.cstr/ramloop[37].ram.r/prim_init.ram/DEVICE_7SERIES.NO_BMM_INFO.SDP.CASCADED_PRIM36.ram_B) with RAM_EXTENSION_A attribute set to LOWER and ADDRARADDRL15 pin tied to LOGIC 0 (GND). In this case only the Lower BRAM will be used.
WARNING: [DRC PDCN-137] enum_RAM_EXTENSION_A_not_NONE_connects_ADDRARDADDRL15_Tieoff: RAMB36E1 site RAMB36_X4Y18 has BlockRam (Beeld_inst/mem_interface_beeld_inst/DUAL_PORT_RAM_inst/U0/inst_blk_mem_gen/gnbram.gnativebmg.native_blk_mem_gen/valid.cstr/ramloop[37].ram.r/prim_init.ram/DEVICE_7SERIES.NO_BMM_INFO.SDP.CASCADED_PRIM36.ram_T) with RAM_EXTENSION_A attribute set to UPPER and ADDRARADDRL15 pin tied to LOGIC 0 (GND). In this case only the Lower BRAM will be used.
WARNING: [DRC PDCN-137] enum_RAM_EXTENSION_A_not_NONE_connects_ADDRARDADDRL15_Tieoff: RAMB36E1 site RAMB36_X4Y19 has BlockRam (Beeld_inst/mem_interface_beeld_inst/DUAL_PORT_RAM_inst/U0/inst_blk_mem_gen/gnbram.gnativebmg.native_blk_mem_gen/valid.cstr/ramloop[2].ram.r/prim_init.ram/DEVICE_7SERIES.NO_BMM_INFO.SDP.CASCADED_PRIM36.ram_B) with RAM_EXTENSION_A attribute set to LOWER and ADDRARADDRL15 pin tied to LOGIC 0 (GND). In this case only the Lower BRAM will be used.
WARNING: [DRC PDCN-137] enum_RAM_EXTENSION_A_not_NONE_connects_ADDRARDADDRL15_Tieoff: RAMB36E1 site RAMB36_X4Y2 has BlockRam (Beeld_inst/mem_interface_beeld_inst/DUAL_PORT_RAM_inst/U0/inst_blk_mem_gen/gnbram.gnativebmg.native_blk_mem_gen/valid.cstr/ramloop[21].ram.r/prim_init.ram/DEVICE_7SERIES.NO_BMM_INFO.SDP.CASCADED_PRIM36.ram_B) with RAM_EXTENSION_A attribute set to LOWER and ADDRARADDRL15 pin tied to LOGIC 0 (GND). In this case only the Lower BRAM will be used.
WARNING: [DRC PDCN-137] enum_RAM_EXTENSION_A_not_NONE_connects_ADDRARDADDRL15_Tieoff: RAMB36E1 site RAMB36_X4Y20 has BlockRam (Beeld_inst/mem_interface_beeld_inst/DUAL_PORT_RAM_inst/U0/inst_blk_mem_gen/gnbram.gnativebmg.native_blk_mem_gen/valid.cstr/ramloop[2].ram.r/prim_init.ram/DEVICE_7SERIES.NO_BMM_INFO.SDP.CASCADED_PRIM36.ram_T) with RAM_EXTENSION_A attribute set to UPPER and ADDRARADDRL15 pin tied to LOGIC 0 (GND). In this case only the Lower BRAM will be used.
WARNING: [DRC PDCN-137] enum_RAM_EXTENSION_A_not_NONE_connects_ADDRARDADDRL15_Tieoff: RAMB36E1 site RAMB36_X4Y3 has BlockRam (Beeld_inst/mem_interface_beeld_inst/DUAL_PORT_RAM_inst/U0/inst_blk_mem_gen/gnbram.gnativebmg.native_blk_mem_gen/valid.cstr/ramloop[21].ram.r/prim_init.ram/DEVICE_7SERIES.NO_BMM_INFO.SDP.CASCADED_PRIM36.ram_T) with RAM_EXTENSION_A attribute set to UPPER and ADDRARADDRL15 pin tied to LOGIC 0 (GND). In this case only the Lower BRAM will be used.
WARNING: [DRC PDCN-137] enum_RAM_EXTENSION_A_not_NONE_connects_ADDRARDADDRL15_Tieoff: RAMB36E1 site RAMB36_X4Y4 has BlockRam (Beeld_inst/mem_interface_beeld_inst/DUAL_PORT_RAM_inst/U0/inst_blk_mem_gen/gnbram.gnativebmg.native_blk_mem_gen/valid.cstr/ramloop[29].ram.r/prim_init.ram/DEVICE_7SERIES.NO_BMM_INFO.SDP.CASCADED_PRIM36.ram_B) with RAM_EXTENSION_A attribute set to LOWER and ADDRARADDRL15 pin tied to LOGIC 0 (GND). In this case only the Lower BRAM will be used.
WARNING: [DRC PDCN-137] enum_RAM_EXTENSION_A_not_NONE_connects_ADDRARDADDRL15_Tieoff: RAMB36E1 site RAMB36_X4Y5 has BlockRam (Beeld_inst/mem_interface_beeld_inst/DUAL_PORT_RAM_inst/U0/inst_blk_mem_gen/gnbram.gnativebmg.native_blk_mem_gen/valid.cstr/ramloop[29].ram.r/prim_init.ram/DEVICE_7SERIES.NO_BMM_INFO.SDP.CASCADED_PRIM36.ram_T) with RAM_EXTENSION_A attribute set to UPPER and ADDRARADDRL15 pin tied to LOGIC 0 (GND). In this case only the Lower BRAM will be used.
WARNING: [DRC PDCN-137] enum_RAM_EXTENSION_A_not_NONE_connects_ADDRARDADDRL15_Tieoff: RAMB36E1 site RAMB36_X4Y6 has BlockRam (Beeld_inst/mem_interface_beeld_inst/DUAL_PORT_RAM_inst/U0/inst_blk_mem_gen/gnbram.gnativebmg.native_blk_mem_gen/valid.cstr/ramloop[28].ram.r/prim_init.ram/DEVICE_7SERIES.NO_BMM_INFO.SDP.CASCADED_PRIM36.ram_B) with RAM_EXTENSION_A attribute set to LOWER and ADDRARADDRL15 pin tied to LOGIC 0 (GND). In this case only the Lower BRAM will be used.
WARNING: [DRC PDCN-137] enum_RAM_EXTENSION_A_not_NONE_connects_ADDRARDADDRL15_Tieoff: RAMB36E1 site RAMB36_X4Y7 has BlockRam (Beeld_inst/mem_interface_beeld_inst/DUAL_PORT_RAM_inst/U0/inst_blk_mem_gen/gnbram.gnativebmg.native_blk_mem_gen/valid.cstr/ramloop[28].ram.r/prim_init.ram/DEVICE_7SERIES.NO_BMM_INFO.SDP.CASCADED_PRIM36.ram_T) with RAM_EXTENSION_A attribute set to UPPER and ADDRARADDRL15 pin tied to LOGIC 0 (GND). In this case only the Lower BRAM will be used.
WARNING: [DRC PDCN-137] enum_RAM_EXTENSION_A_not_NONE_connects_ADDRARDADDRL15_Tieoff: RAMB36E1 site RAMB36_X4Y8 has BlockRam (Beeld_inst/mem_interface_beeld_inst/DUAL_PORT_RAM_inst/U0/inst_blk_mem_gen/gnbram.gnativebmg.native_blk_mem_gen/valid.cstr/ramloop[51].ram.r/prim_init.ram/DEVICE_7SERIES.NO_BMM_INFO.SDP.CASCADED_PRIM36.ram_B) with RAM_EXTENSION_A attribute set to LOWER and ADDRARADDRL15 pin tied to LOGIC 0 (GND). In this case only the Lower BRAM will be used.
WARNING: [DRC PDCN-137] enum_RAM_EXTENSION_A_not_NONE_connects_ADDRARDADDRL15_Tieoff: RAMB36E1 site RAMB36_X4Y9 has BlockRam (Beeld_inst/mem_interface_beeld_inst/DUAL_PORT_RAM_inst/U0/inst_blk_mem_gen/gnbram.gnativebmg.native_blk_mem_gen/valid.cstr/ramloop[51].ram.r/prim_init.ram/DEVICE_7SERIES.NO_BMM_INFO.SDP.CASCADED_PRIM36.ram_T) with RAM_EXTENSION_A attribute set to UPPER and ADDRARADDRL15 pin tied to LOGIC 0 (GND). In this case only the Lower BRAM will be used.
WARNING: [DRC PDCN-137] enum_RAM_EXTENSION_A_not_NONE_connects_ADDRARDADDRL15_Tieoff: RAMB36E1 site RAMB36_X5Y10 has BlockRam (Beeld_inst/mem_interface_beeld_inst/DUAL_PORT_RAM_inst/U0/inst_blk_mem_gen/gnbram.gnativebmg.native_blk_mem_gen/valid.cstr/ramloop[12].ram.r/prim_init.ram/DEVICE_7SERIES.NO_BMM_INFO.SDP.CASCADED_PRIM36.ram_B) with RAM_EXTENSION_A attribute set to LOWER and ADDRARADDRL15 pin tied to LOGIC 0 (GND). In this case only the Lower BRAM will be used.
WARNING: [DRC PDCN-137] enum_RAM_EXTENSION_A_not_NONE_connects_ADDRARDADDRL15_Tieoff: RAMB36E1 site RAMB36_X5Y11 has BlockRam (Beeld_inst/mem_interface_beeld_inst/DUAL_PORT_RAM_inst/U0/inst_blk_mem_gen/gnbram.gnativebmg.native_blk_mem_gen/valid.cstr/ramloop[12].ram.r/prim_init.ram/DEVICE_7SERIES.NO_BMM_INFO.SDP.CASCADED_PRIM36.ram_T) with RAM_EXTENSION_A attribute set to UPPER and ADDRARADDRL15 pin tied to LOGIC 0 (GND). In this case only the Lower BRAM will be used.
WARNING: [DRC PDCN-137] enum_RAM_EXTENSION_A_not_NONE_connects_ADDRARDADDRL15_Tieoff: RAMB36E1 site RAMB36_X5Y12 has BlockRam (Beeld_inst/mem_interface_beeld_inst/DUAL_PORT_RAM_inst/U0/inst_blk_mem_gen/gnbram.gnativebmg.native_blk_mem_gen/valid.cstr/ramloop[31].ram.r/prim_init.ram/DEVICE_7SERIES.NO_BMM_INFO.SDP.CASCADED_PRIM36.ram_B) with RAM_EXTENSION_A attribute set to LOWER and ADDRARADDRL15 pin tied to LOGIC 0 (GND). In this case only the Lower BRAM will be used.
WARNING: [DRC PDCN-137] enum_RAM_EXTENSION_A_not_NONE_connects_ADDRARDADDRL15_Tieoff: RAMB36E1 site RAMB36_X5Y13 has BlockRam (Beeld_inst/mem_interface_beeld_inst/DUAL_PORT_RAM_inst/U0/inst_blk_mem_gen/gnbram.gnativebmg.native_blk_mem_gen/valid.cstr/ramloop[31].ram.r/prim_init.ram/DEVICE_7SERIES.NO_BMM_INFO.SDP.CASCADED_PRIM36.ram_T) with RAM_EXTENSION_A attribute set to UPPER and ADDRARADDRL15 pin tied to LOGIC 0 (GND). In this case only the Lower BRAM will be used.
WARNING: [DRC PDCN-137] enum_RAM_EXTENSION_A_not_NONE_connects_ADDRARDADDRL15_Tieoff: RAMB36E1 site RAMB36_X5Y14 has BlockRam (Beeld_inst/mem_interface_beeld_inst/DUAL_PORT_RAM_inst/U0/inst_blk_mem_gen/gnbram.gnativebmg.native_blk_mem_gen/valid.cstr/ramloop[47].ram.r/prim_init.ram/DEVICE_7SERIES.NO_BMM_INFO.SDP.CASCADED_PRIM36.ram_B) with RAM_EXTENSION_A attribute set to LOWER and ADDRARADDRL15 pin tied to LOGIC 0 (GND). In this case only the Lower BRAM will be used.
WARNING: [DRC PDCN-137] enum_RAM_EXTENSION_A_not_NONE_connects_ADDRARDADDRL15_Tieoff: RAMB36E1 site RAMB36_X5Y15 has BlockRam (Beeld_inst/mem_interface_beeld_inst/DUAL_PORT_RAM_inst/U0/inst_blk_mem_gen/gnbram.gnativebmg.native_blk_mem_gen/valid.cstr/ramloop[47].ram.r/prim_init.ram/DEVICE_7SERIES.NO_BMM_INFO.SDP.CASCADED_PRIM36.ram_T) with RAM_EXTENSION_A attribute set to UPPER and ADDRARADDRL15 pin tied to LOGIC 0 (GND). In this case only the Lower BRAM will be used.
WARNING: [DRC PDCN-137] enum_RAM_EXTENSION_A_not_NONE_connects_ADDRARDADDRL15_Tieoff: RAMB36E1 site RAMB36_X5Y16 has BlockRam (Beeld_inst/mem_interface_beeld_inst/DUAL_PORT_RAM_inst/U0/inst_blk_mem_gen/gnbram.gnativebmg.native_blk_mem_gen/valid.cstr/ramloop[15].ram.r/prim_init.ram/DEVICE_7SERIES.NO_BMM_INFO.SDP.CASCADED_PRIM36.ram_B) with RAM_EXTENSION_A attribute set to LOWER and ADDRARADDRL15 pin tied to LOGIC 0 (GND). In this case only the Lower BRAM will be used.
WARNING: [DRC PDCN-137] enum_RAM_EXTENSION_A_not_NONE_connects_ADDRARDADDRL15_Tieoff: RAMB36E1 site RAMB36_X5Y17 has BlockRam (Beeld_inst/mem_interface_beeld_inst/DUAL_PORT_RAM_inst/U0/inst_blk_mem_gen/gnbram.gnativebmg.native_blk_mem_gen/valid.cstr/ramloop[15].ram.r/prim_init.ram/DEVICE_7SERIES.NO_BMM_INFO.SDP.CASCADED_PRIM36.ram_T) with RAM_EXTENSION_A attribute set to UPPER and ADDRARADDRL15 pin tied to LOGIC 0 (GND). In this case only the Lower BRAM will be used.
WARNING: [DRC PDCN-137] enum_RAM_EXTENSION_A_not_NONE_connects_ADDRARDADDRL15_Tieoff: RAMB36E1 site RAMB36_X5Y4 has BlockRam (Beeld_inst/mem_interface_beeld_inst/DUAL_PORT_RAM_inst/U0/inst_blk_mem_gen/gnbram.gnativebmg.native_blk_mem_gen/valid.cstr/ramloop[45].ram.r/prim_init.ram/DEVICE_7SERIES.NO_BMM_INFO.SDP.CASCADED_PRIM36.ram_B) with RAM_EXTENSION_A attribute set to LOWER and ADDRARADDRL15 pin tied to LOGIC 0 (GND). In this case only the Lower BRAM will be used.
WARNING: [DRC PDCN-137] enum_RAM_EXTENSION_A_not_NONE_connects_ADDRARDADDRL15_Tieoff: RAMB36E1 site RAMB36_X5Y5 has BlockRam (Beeld_inst/mem_interface_beeld_inst/DUAL_PORT_RAM_inst/U0/inst_blk_mem_gen/gnbram.gnativebmg.native_blk_mem_gen/valid.cstr/ramloop[45].ram.r/prim_init.ram/DEVICE_7SERIES.NO_BMM_INFO.SDP.CASCADED_PRIM36.ram_T) with RAM_EXTENSION_A attribute set to UPPER and ADDRARADDRL15 pin tied to LOGIC 0 (GND). In this case only the Lower BRAM will be used.
WARNING: [DRC PDCN-137] enum_RAM_EXTENSION_A_not_NONE_connects_ADDRARDADDRL15_Tieoff: RAMB36E1 site RAMB36_X5Y6 has BlockRam (Beeld_inst/mem_interface_beeld_inst/DUAL_PORT_RAM_inst/U0/inst_blk_mem_gen/gnbram.gnativebmg.native_blk_mem_gen/valid.cstr/ramloop[39].ram.r/prim_init.ram/DEVICE_7SERIES.NO_BMM_INFO.SDP.CASCADED_PRIM36.ram_B) with RAM_EXTENSION_A attribute set to LOWER and ADDRARADDRL15 pin tied to LOGIC 0 (GND). In this case only the Lower BRAM will be used.
WARNING: [DRC PDCN-137] enum_RAM_EXTENSION_A_not_NONE_connects_ADDRARDADDRL15_Tieoff: RAMB36E1 site RAMB36_X5Y7 has BlockRam (Beeld_inst/mem_interface_beeld_inst/DUAL_PORT_RAM_inst/U0/inst_blk_mem_gen/gnbram.gnativebmg.native_blk_mem_gen/valid.cstr/ramloop[39].ram.r/prim_init.ram/DEVICE_7SERIES.NO_BMM_INFO.SDP.CASCADED_PRIM36.ram_T) with RAM_EXTENSION_A attribute set to UPPER and ADDRARADDRL15 pin tied to LOGIC 0 (GND). In this case only the Lower BRAM will be used.
WARNING: [DRC PDCN-137] enum_RAM_EXTENSION_A_not_NONE_connects_ADDRARDADDRL15_Tieoff: RAMB36E1 site RAMB36_X5Y8 has BlockRam (Beeld_inst/mem_interface_beeld_inst/DUAL_PORT_RAM_inst/U0/inst_blk_mem_gen/gnbram.gnativebmg.native_blk_mem_gen/valid.cstr/ramloop[23].ram.r/prim_init.ram/DEVICE_7SERIES.NO_BMM_INFO.SDP.CASCADED_PRIM36.ram_B) with RAM_EXTENSION_A attribute set to LOWER and ADDRARADDRL15 pin tied to LOGIC 0 (GND). In this case only the Lower BRAM will be used.
WARNING: [DRC PDCN-137] enum_RAM_EXTENSION_A_not_NONE_connects_ADDRARDADDRL15_Tieoff: RAMB36E1 site RAMB36_X5Y9 has BlockRam (Beeld_inst/mem_interface_beeld_inst/DUAL_PORT_RAM_inst/U0/inst_blk_mem_gen/gnbram.gnativebmg.native_blk_mem_gen/valid.cstr/ramloop[23].ram.r/prim_init.ram/DEVICE_7SERIES.NO_BMM_INFO.SDP.CASCADED_PRIM36.ram_T) with RAM_EXTENSION_A attribute set to UPPER and ADDRARADDRL15 pin tied to LOGIC 0 (GND). In this case only the Lower BRAM will be used.
WARNING: [DRC ZPS7-1] PS7 block required: The PS7 cell must be used in this Zynq design in order to enable correct default configuration.
INFO: [Vivado 12-3199] DRC finished with 0 Errors, 101 Warnings
INFO: [Vivado 12-3200] Please refer to the DRC report (report_drc) for more information.
INFO: [Designutils 20-2272] Running write_bitstream with 2 threads.
Loading data files...
Loading site data...
Loading route data...
Processing options...
Creating bitmap...
Creating bitstream...
Writing bitstream ./top.bit...
INFO: [Vivado 12-1842] Bitgen Completed Successfully.
INFO: [Project 1-120] WebTalk data collection is mandatory when using a WebPACK part without a full Vivado license. To see the specific WebTalk data collected for your design, open the usage_statistics_webtalk.html or usage_statistics_webtalk.xml file in the implementation directory.
INFO: [Common 17-83] Releasing license: Implementation
124 Infos, 106 Warnings, 0 Critical Warnings and 0 Errors encountered.
write_bitstream completed successfully
write_bitstream: Time (s): cpu = 00:00:31 ; elapsed = 00:00:32 . Memory (MB): peak = 2192.348 ; gain = 358.773
INFO: [Common 17-206] Exiting Vivado at Tue Nov 19 13:33:41 2019...
