INFO: [VRFC 10-163] Analyzing VHDL file "C:/VHDL_Spectrogram/VHDL_Spectrogram.srcs/sources_1/new/top.vhd" into library xil_defaultlib
INFO: [VRFC 10-3107] analyzing entity 'top'
ERROR: [VRFC 10-4982] syntax error near '0' [C:/VHDL_Spectrogram/VHDL_Spectrogram.srcs/sources_1/new/top.vhd:137]
ERROR: [VRFC 10-2935] 'sys_clk' is already declared in this region [C:/VHDL_Spectrogram/VHDL_Spectrogram.srcs/sources_1/new/top.vhd:149]
ERROR: [VRFC 10-2935] 'vga_vsync' is already declared in this region [C:/VHDL_Spectrogram/VHDL_Spectrogram.srcs/sources_1/new/top.vhd:156]
ERROR: [VRFC 10-2935] 'vga_hsync' is already declared in this region [C:/VHDL_Spectrogram/VHDL_Spectrogram.srcs/sources_1/new/top.vhd:157]
ERROR: [VRFC 10-2935] 'm_clk' is already declared in this region [C:/VHDL_Spectrogram/VHDL_Spectrogram.srcs/sources_1/new/top.vhd:171]
ERROR: [VRFC 10-2935] 'lr_clk' is already declared in this region [C:/VHDL_Spectrogram/VHDL_Spectrogram.srcs/sources_1/new/top.vhd:172]
ERROR: [VRFC 10-2935] 'b_clk' is already declared in this region [C:/VHDL_Spectrogram/VHDL_Spectrogram.srcs/sources_1/new/top.vhd:173]
ERROR: [VRFC 10-2935] 'sdata' is already declared in this region [C:/VHDL_Spectrogram/VHDL_Spectrogram.srcs/sources_1/new/top.vhd:174]
ERROR: [VRFC 10-2935] 'sda' is already declared in this region [C:/VHDL_Spectrogram/VHDL_Spectrogram.srcs/sources_1/new/top.vhd:175]
ERROR: [VRFC 10-2935] 'scl' is already declared in this region [C:/VHDL_Spectrogram/VHDL_Spectrogram.srcs/sources_1/new/top.vhd:176]
ERROR: [VRFC 10-2935] 'i2c_addr' is already declared in this region [C:/VHDL_Spectrogram/VHDL_Spectrogram.srcs/sources_1/new/top.vhd:177]
ERROR: [VRFC 10-2935] 'sample_clk' is already declared in this region [C:/VHDL_Spectrogram/VHDL_Spectrogram.srcs/sources_1/new/top.vhd:178]
ERROR: [VRFC 10-2935] 'sample_l' is already declared in this region [C:/VHDL_Spectrogram/VHDL_Spectrogram.srcs/sources_1/new/top.vhd:179]
ERROR: [VRFC 10-2935] 'sample_r' is already declared in this region [C:/VHDL_Spectrogram/VHDL_Spectrogram.srcs/sources_1/new/top.vhd:180]
ERROR: [VRFC 10-2935] 'sample_l_in' is already declared in this region [C:/VHDL_Spectrogram/VHDL_Spectrogram.srcs/sources_1/new/top.vhd:181]
ERROR: [VRFC 10-2935] 'sample_r_in' is already declared in this region [C:/VHDL_Spectrogram/VHDL_Spectrogram.srcs/sources_1/new/top.vhd:182]
ERROR: [VRFC 10-2935] 'sdata_out' is already declared in this region [C:/VHDL_Spectrogram/VHDL_Spectrogram.srcs/sources_1/new/top.vhd:183]
ERROR: [VRFC 10-2935] 'wea' is already declared in this region [C:/VHDL_Spectrogram/VHDL_Spectrogram.srcs/sources_1/new/top.vhd:188]
ERROR: [VRFC 10-2935] 'addra' is already declared in this region [C:/VHDL_Spectrogram/VHDL_Spectrogram.srcs/sources_1/new/top.vhd:189]
INFO: [#UNDEF] Sorry, too many errors..
