Vivado Simulator 2019.1
Copyright 1986-1999, 2001-2019 Xilinx, Inc. All Rights Reserved.
Running: C:/Xilinx/Vivado/2019.1/bin/unwrapped/win64.o/xelab.exe -wto 6e700973bbb548068873249b45fcbf1d --incr --debug typical --relax --mt 2 -L xil_defaultlib -L blk_mem_gen_v8_4_3 -L xbip_utils_v3_0_10 -L axi_utils_v2_0_6 -L c_reg_fd_v12_0_6 -L xbip_dsp48_wrapper_v3_0_4 -L xbip_pipe_v3_0_6 -L xbip_dsp48_addsub_v3_0_6 -L xbip_addsub_v3_0_6 -L c_addsub_v12_0_13 -L c_mux_bit_v12_0_6 -L c_shift_ram_v12_0_13 -L xbip_bram18k_v3_0_6 -L mult_gen_v12_0_15 -L cmpy_v6_0_17 -L floating_point_v7_0_16 -L xfft_v9_1_2 -L unisims_ver -L unimacro_ver -L secureip -L xpm --snapshot tb_fft_controller_behav xil_defaultlib.tb_fft_controller xil_defaultlib.glbl -log elaborate.log 
Using 2 slave threads.
Starting static elaboration
Completed static elaboration
Starting simulation data flow analysis
Completed simulation data flow analysis
Time Resolution for simulation is 1ps
Compiling package std.standard
Compiling package std.textio
Compiling package ieee.std_logic_1164
Compiling package ieee.numeric_std
Compiling package xbip_utils_v3_0_10.xbip_utils_v3_0_10_pkg
Compiling package xfft_v9_1_2.xfft_v9_1_2_viv_comp
Compiling package ieee.std_logic_arith
Compiling package ieee.std_logic_unsigned
Compiling package ieee.math_real
Compiling package axi_utils_v2_0_6.axi_utils_v2_0_6_pkg
Compiling package mult_gen_v12_0_15.mult_gen_v12_0_15_pkg
Compiling package ieee.std_logic_signed
Compiling package cmpy_v6_0_17.cmpy_v6_0_17_pkg
Compiling package floating_point_v7_0_16.floating_point_v7_0_16_consts
Compiling package floating_point_v7_0_16.floating_point_v7_0_16_exp_table...
Compiling package floating_point_v7_0_16.floating_point_v7_0_16_pkg
Compiling package xfft_v9_1_2.pkg
Compiling package xfft_v9_1_2.xfft_v9_1_2_axi_pkg
Compiling package unisim.vcomponents
Compiling package xbip_pipe_v3_0_6.xbip_pipe_v3_0_6_viv_comp
Compiling package xbip_addsub_v3_0_6.xbip_addsub_v3_0_6_viv_comp
Compiling package c_addsub_v12_0_13.c_addsub_v12_0_13_pkg
Compiling package c_addsub_v12_0_13.c_addsub_v12_0_13_pkg_legacy
Compiling package c_reg_fd_v12_0_6.c_reg_fd_v12_0_6_viv_comp
Compiling package ieee.vital_timing
Compiling package ieee.vital_primitives
Compiling package unisim.vpkg
Compiling package c_shift_ram_v12_0_13.c_shift_ram_v12_0_13_pkg
Compiling package c_mux_bit_v12_0_6.c_mux_bit_v12_0_6_viv_comp
Compiling package xpm.vcomponents
Compiling package ieee.std_logic_textio
Compiling package xfft_v9_1_2.half_sincos_tw_table
Compiling package mult_gen_v12_0_15.dsp_pkg
Compiling package xfft_v9_1_2.quarter_sin_tw_table
Compiling package xfft_v9_1_2.quarter2_sin_tw_table
Compiling module xil_defaultlib.glbl
Compiling architecture synth of entity xfft_v9_1_2.axi_wrapper_output_fifo [\axi_wrapper_output_fifo(c_fifo_...]
Compiling architecture synth of entity xfft_v9_1_2.axi_wrapper_input_fifo [\axi_wrapper_input_fifo(c_fifo_w...]
Compiling architecture synth of entity xfft_v9_1_2.axi_wrapper_input_fifo [\axi_wrapper_input_fifo(c_fifo_w...]
Compiling architecture synth of entity xfft_v9_1_2.axi_wrapper_output_fifo [\axi_wrapper_output_fifo(c_fifo_...]
Compiling architecture synth of entity xfft_v9_1_2.axi_wrapper [\axi_wrapper(c_nfft_max=11,c_arc...]
Compiling architecture xilinx of entity xfft_v9_1_2.equ_rtl [\equ_rtl(c_xdevicefamily="zynq",...]
Compiling architecture xilinx of entity xfft_v9_1_2.r22_cnt_ctrl [\r22_cnt_ctrl(c_xdevicefamily="z...]
Compiling architecture xilinx of entity xfft_v9_1_2.r22_cnt_ctrl [\r22_cnt_ctrl(c_xdevicefamily="z...]
Compiling architecture xilinx of entity xfft_v9_1_2.shift_ram [\shift_ram(c_xdevicefamily="zynq...]
Compiling architecture struct of entity c_shift_ram_v12_0_13.c_shift_ram_v12_0_13_legacy [\c_shift_ram_v12_0_13_legacy(c_x...]
Compiling architecture synth of entity c_shift_ram_v12_0_13.c_shift_ram_v12_0_13_viv [\c_shift_ram_v12_0_13_viv(c_xdev...]
Compiling architecture xilinx of entity xfft_v9_1_2.shift_ram [\shift_ram(c_xdevicefamily="zynq...]
Compiling architecture fd_v of entity unisim.FD [fd_default]
Compiling architecture struct of entity c_shift_ram_v12_0_13.c_shift_ram_v12_0_13_legacy [\c_shift_ram_v12_0_13_legacy(c_x...]
Compiling architecture synth of entity c_shift_ram_v12_0_13.c_shift_ram_v12_0_13_viv [\c_shift_ram_v12_0_13_viv(c_xdev...]
Compiling architecture xilinx of entity xfft_v9_1_2.shift_ram [\shift_ram(c_xdevicefamily="zynq...]
Compiling architecture struct of entity c_shift_ram_v12_0_13.c_shift_ram_v12_0_13_legacy [\c_shift_ram_v12_0_13_legacy(c_x...]
Compiling architecture synth of entity c_shift_ram_v12_0_13.c_shift_ram_v12_0_13_viv [\c_shift_ram_v12_0_13_viv(c_xdev...]
Compiling architecture xilinx of entity xfft_v9_1_2.shift_ram [\shift_ram(c_xdevicefamily="zynq...]
Compiling architecture xilinx of entity xfft_v9_1_2.shift_ram [\shift_ram(c_xdevicefamily="zynq...]
Compiling architecture xilinx of entity xfft_v9_1_2.shift_ram [\shift_ram(c_xdevicefamily="zynq...]
Compiling architecture xilinx of entity xfft_v9_1_2.shift_ram [\shift_ram(c_xdevicefamily="zynq...]
Compiling architecture lut3_v of entity unisim.LUT3 [\LUT3(init="11001010")(0,7)\]
Compiling architecture xilinx of entity xfft_v9_1_2.mux_bus2 [\mux_bus2(c_xdevicefamily="zynq"...]
Compiling architecture xilinx of entity xfft_v9_1_2.r22_delay_mux [\r22_delay_mux(c_xdevicefamily="...]
Compiling architecture xilinx of entity xfft_v9_1_2.r22_delay_mux [\r22_delay_mux(c_xdevicefamily="...]
Compiling architecture xilinx of entity xfft_v9_1_2.shift_ram [\shift_ram(c_xdevicefamily="zynq...]
Compiling architecture xilinx of entity xfft_v9_1_2.shift_ram [\shift_ram(c_xdevicefamily="zynq...]
Compiling architecture rb18_internal_vhdl_v of entity unisim.RB18_INTERNAL_VHDL [\RB18_INTERNAL_VHDL(bram_size=18...]
Compiling architecture ramb18e1_v of entity unisim.RAMB18E1 [\RAMB18E1(dob_reg=1,read_width_b...]
Compiling architecture ramb18_v of entity unisim.RAMB18 [\RAMB18(dob_reg=1,read_width_b=1...]
Compiling architecture xilinx of entity xfft_v9_1_2.dpm [\dpm(c_xdevicefamily="zynq",wm="...]
Compiling architecture xilinx of entity xfft_v9_1_2.r22_memory [\r22_memory(c_xdevicefamily="zyn...]
Compiling architecture structural of entity c_reg_fd_v12_0_6.c_reg_fd_v12_0_6_viv [\c_reg_fd_v12_0_6_viv(c_width=26...]
Compiling architecture rtl of entity c_addsub_v12_0_13.c_addsub_v12_0_13_lut6_legacy [\c_addsub_v12_0_13_lut6_legacy(c...]
Compiling architecture synth of entity c_addsub_v12_0_13.c_addsub_v12_0_13_fabric_legacy [\c_addsub_v12_0_13_fabric_legacy...]
Compiling architecture synth of entity c_addsub_v12_0_13.c_addsub_v12_0_13_legacy [\c_addsub_v12_0_13_legacy(c_fami...]
Compiling architecture synth of entity c_addsub_v12_0_13.c_addsub_v12_0_13_viv [\c_addsub_v12_0_13_viv(c_xdevice...]
Compiling architecture xilinx of entity xfft_v9_1_2.adder_bypass [\adder_bypass(c_xdevicefamily="z...]
Compiling architecture structural of entity c_reg_fd_v12_0_6.c_reg_fd_v12_0_6_viv [\c_reg_fd_v12_0_6_viv(c_width=26...]
Compiling architecture rtl of entity c_addsub_v12_0_13.c_addsub_v12_0_13_lut6_legacy [\c_addsub_v12_0_13_lut6_legacy(c...]
Compiling architecture synth of entity c_addsub_v12_0_13.c_addsub_v12_0_13_fabric_legacy [\c_addsub_v12_0_13_fabric_legacy...]
Compiling architecture synth of entity c_addsub_v12_0_13.c_addsub_v12_0_13_legacy [\c_addsub_v12_0_13_legacy(c_fami...]
Compiling architecture synth of entity c_addsub_v12_0_13.c_addsub_v12_0_13_viv [\c_addsub_v12_0_13_viv(c_xdevice...]
Compiling architecture xilinx of entity xfft_v9_1_2.sub_byp [\sub_byp(c_xdevicefamily="zynq",...]
Compiling architecture xilinx of entity xfft_v9_1_2.r22_bfly_byp [\r22_bfly_byp(c_xdevicefamily="z...]
Compiling architecture xilinx of entity xfft_v9_1_2.r22_bf [\r22_bf(c_xdevicefamily="zynq",c...]
Compiling architecture xilinx of entity xfft_v9_1_2.shift_ram [\shift_ram(c_xdevicefamily="zynq...]
Compiling architecture fde_v of entity unisim.FDE [fde_default]
Compiling architecture synth of entity xfft_v9_1_2.r22_twos_comp_mux [\r22_twos_comp_mux(c_xdevicefami...]
Compiling architecture synth of entity xfft_v9_1_2.r22_twos_comp_mux [\r22_twos_comp_mux(c_xdevicefami...]
Compiling architecture xilinx of entity xfft_v9_1_2.shift_ram [\shift_ram(c_xdevicefamily="zynq...]
Compiling architecture xilinx of entity xfft_v9_1_2.shift_ram [\shift_ram(c_xdevicefamily="zynq...]
Compiling architecture xilinx of entity xfft_v9_1_2.shift_ram [\shift_ram(c_xdevicefamily="zynq...]
Compiling architecture xilinx of entity xfft_v9_1_2.mux_bus2 [\mux_bus2(c_xdevicefamily="zynq"...]
Compiling architecture xilinx of entity xfft_v9_1_2.r22_delay_mux [\r22_delay_mux(c_xdevicefamily="...]
Compiling architecture xilinx of entity xfft_v9_1_2.r22_delay_mux [\r22_delay_mux(c_xdevicefamily="...]
Compiling architecture xilinx of entity xfft_v9_1_2.shift_ram [\shift_ram(c_xdevicefamily="zynq...]
Compiling architecture xilinx of entity xfft_v9_1_2.shift_ram [\shift_ram(c_xdevicefamily="zynq...]
Compiling architecture rb18_internal_vhdl_v of entity unisim.RB18_INTERNAL_VHDL [\RB18_INTERNAL_VHDL(bram_size=18...]
Compiling architecture ramb18e1_v of entity unisim.RAMB18E1 [\RAMB18E1(doa_reg=1,dob_reg=1,ra...]
Compiling architecture xilinx of entity xfft_v9_1_2.dpm [\dpm(c_xdevicefamily="zynq",wm="...]
Compiling architecture xilinx of entity xfft_v9_1_2.r22_memory [\r22_memory(c_xdevicefamily="zyn...]
Compiling architecture structural of entity c_reg_fd_v12_0_6.c_reg_fd_v12_0_6_viv [\c_reg_fd_v12_0_6_viv(c_width=27...]
Compiling architecture rtl of entity c_addsub_v12_0_13.c_addsub_v12_0_13_lut6_legacy [\c_addsub_v12_0_13_lut6_legacy(c...]
Compiling architecture synth of entity c_addsub_v12_0_13.c_addsub_v12_0_13_fabric_legacy [\c_addsub_v12_0_13_fabric_legacy...]
Compiling architecture synth of entity c_addsub_v12_0_13.c_addsub_v12_0_13_legacy [\c_addsub_v12_0_13_legacy(c_fami...]
Compiling architecture synth of entity c_addsub_v12_0_13.c_addsub_v12_0_13_viv [\c_addsub_v12_0_13_viv(c_xdevice...]
Compiling architecture xilinx of entity xfft_v9_1_2.adder_bypass [\adder_bypass(c_xdevicefamily="z...]
Compiling architecture structural of entity c_reg_fd_v12_0_6.c_reg_fd_v12_0_6_viv [\c_reg_fd_v12_0_6_viv(c_width=27...]
Compiling architecture rtl of entity c_addsub_v12_0_13.c_addsub_v12_0_13_lut6_legacy [\c_addsub_v12_0_13_lut6_legacy(c...]
Compiling architecture synth of entity c_addsub_v12_0_13.c_addsub_v12_0_13_fabric_legacy [\c_addsub_v12_0_13_fabric_legacy...]
Compiling architecture synth of entity c_addsub_v12_0_13.c_addsub_v12_0_13_legacy [\c_addsub_v12_0_13_legacy(c_fami...]
Compiling architecture synth of entity c_addsub_v12_0_13.c_addsub_v12_0_13_viv [\c_addsub_v12_0_13_viv(c_xdevice...]
Compiling architecture xilinx of entity xfft_v9_1_2.sub_byp [\sub_byp(c_xdevicefamily="zynq",...]
Compiling architecture xilinx of entity xfft_v9_1_2.r22_bfly_byp [\r22_bfly_byp(c_xdevicefamily="z...]
Compiling architecture xilinx of entity xfft_v9_1_2.r22_bf [\r22_bf(c_xdevicefamily="zynq",c...]
Compiling architecture structural of entity c_reg_fd_v12_0_6.c_reg_fd_v12_0_6_viv [\c_reg_fd_v12_0_6_viv(c_width=11...]
Compiling architecture rtl of entity c_addsub_v12_0_13.c_addsub_v12_0_13_lut6_legacy [\c_addsub_v12_0_13_lut6_legacy(c...]
Compiling architecture synth of entity c_addsub_v12_0_13.c_addsub_v12_0_13_fabric_legacy [\c_addsub_v12_0_13_fabric_legacy...]
Compiling architecture synth of entity c_addsub_v12_0_13.c_addsub_v12_0_13_legacy [\c_addsub_v12_0_13_legacy(c_fami...]
Compiling architecture synth of entity c_addsub_v12_0_13.c_addsub_v12_0_13_viv [\c_addsub_v12_0_13_viv(c_xdevice...]
Compiling architecture xilinx of entity xfft_v9_1_2.adder [\adder(c_xdevicefamily="zynq",c_...]
Compiling architecture lut6_v of entity unisim.LUT6 [\LUT6(init="11111111000000001111...]
Compiling architecture xilinx of entity xfft_v9_1_2.mux_bus4 [\mux_bus4(c_xdevicefamily="zynq"...]
Compiling architecture vcc_v of entity unisim.VCC [vcc_default]
Compiling architecture xilinx of entity xfft_v9_1_2.twgen_half_sincos [\twgen_half_sincos(c_xdevicefami...]
Compiling architecture xilinx of entity xfft_v9_1_2.twiddle_gen [\twiddle_gen(c_xdevicefamily="zy...]
Compiling architecture xilinx of entity xfft_v9_1_2.r22_tw_gen [\r22_tw_gen(c_xdevicefamily="zyn...]
Compiling architecture xilinx of entity cmpy_v6_0_17.delay_line [\delay_line(c_xdevicefamily="zyn...]
Compiling architecture xilinx of entity cmpy_v6_0_17.delay_line [\delay_line(c_xdevicefamily="zyn...]
Compiling architecture xilinx of entity cmpy_v6_0_17.delay_line [\delay_line(c_xdevicefamily="zyn...]
Compiling architecture xilinx of entity mult_gen_v12_0_15.delay_line [\delay_line(c_xdevicefamily="zyn...]
Compiling architecture xilinx of entity mult_gen_v12_0_15.delay_line [\delay_line(c_xdevicefamily="zyn...]
Compiling architecture xilinx of entity mult_gen_v12_0_15.delay_line [\delay_line(c_xdevicefamily="zyn...]
Compiling architecture xilinx of entity mult_gen_v12_0_15.delay_line [\delay_line(c_xdevicefamily="zyn...]
Compiling architecture dsp48e1_v of entity unisim.DSP48E1 [\DSP48E1(acascreg=2,alumodereg=0...]
Compiling architecture xilinx of entity mult_gen_v12_0_15.delay_line [\delay_line(c_xdevicefamily="zyn...]
Compiling architecture xilinx of entity mult_gen_v12_0_15.delay_line [\delay_line(c_xdevicefamily="zyn...]
Compiling architecture dsp48e1_v of entity unisim.DSP48E1 [\DSP48E1(alumodereg=0,a_input="C...]
Compiling architecture xilinx of entity mult_gen_v12_0_15.delay_line [\delay_line(c_xdevicefamily="zyn...]
Compiling architecture xilinx of entity mult_gen_v12_0_15.op_resize [\op_resize(ai_width=10,bi_width=...]
Compiling architecture xilinx of entity mult_gen_v12_0_15.dsp [\dsp(c_xdevicefamily="zynq",c_a_...]
Compiling architecture xilinx of entity cmpy_v6_0_17.cmpy_3_dsp48_mult [\cmpy_3_dsp48_mult(c_xdevicefami...]
Compiling architecture xilinx of entity cmpy_v6_0_17.delay_line [\delay_line(c_xdevicefamily="zyn...]
Compiling architecture xilinx of entity mult_gen_v12_0_15.delay_line [\delay_line(c_xdevicefamily="zyn...]
Compiling architecture xilinx of entity mult_gen_v12_0_15.delay_line [\delay_line(c_xdevicefamily="zyn...]
Compiling architecture xilinx of entity mult_gen_v12_0_15.delay_line [\delay_line(c_xdevicefamily="zyn...]
Compiling architecture dsp48e1_v of entity unisim.DSP48E1 [\DSP48E1(acascreg=2,alumodereg=0...]
Compiling architecture dsp48e1_v of entity unisim.DSP48E1 [\DSP48E1(alumodereg=0,a_input="C...]
Compiling architecture xilinx of entity mult_gen_v12_0_15.op_resize [\op_resize(ai_width=9,bi_width=2...]
Compiling architecture xilinx of entity mult_gen_v12_0_15.dsp [\dsp(c_xdevicefamily="zynq",c_a_...]
Compiling architecture xilinx of entity cmpy_v6_0_17.cmpy_3_dsp48_mult [\cmpy_3_dsp48_mult(c_xdevicefami...]
Compiling architecture xilinx of entity mult_gen_v12_0_15.dsp [\dsp(c_xdevicefamily="zynq",c_a_...]
Compiling architecture xilinx of entity cmpy_v6_0_17.cmpy_3_dsp48_mult [\cmpy_3_dsp48_mult(c_xdevicefami...]
Compiling architecture xilinx of entity cmpy_v6_0_17.input_negation [\input_negation(c_xdevicefamily=...]
Compiling architecture xilinx of entity cmpy_v6_0_17.delay_line [\delay_line(c_xdevicefamily="zyn...]
Compiling architecture xilinx of entity cmpy_v6_0_17.delay_line [\delay_line(c_xdevicefamily="zyn...]
Compiling architecture xilinx of entity cmpy_v6_0_17.cmpy_3_dsp48 [\cmpy_3_dsp48(c_xdevicefamily="z...]
Compiling architecture xilinx of entity cmpy_v6_0_17.cmpy_v6_0_17_synth [\cmpy_v6_0_17_synth(c_xdevicefam...]
Compiling architecture xilinx of entity xfft_v9_1_2.cmpy [\cmpy(c_xdevicefamily="zynq",a_w...]
Compiling architecture xilinx of entity xfft_v9_1_2.shift_ram [\shift_ram(c_xdevicefamily="zynq...]
Compiling architecture xilinx of entity xfft_v9_1_2.shift_ram [\shift_ram(c_xdevicefamily="zynq...]
Compiling architecture xilinx of entity xfft_v9_1_2.r22_pe [\r22_pe(c_xdevicefamily="zynq",m...]
Compiling architecture synth of entity xfft_v9_1_2.srl_fifo [\srl_fifo(c_width=1)\]
Compiling architecture xilinx of entity xfft_v9_1_2.r22_cnt_ctrl [\r22_cnt_ctrl(c_xdevicefamily="z...]
Compiling architecture xilinx of entity xfft_v9_1_2.r22_cnt_ctrl [\r22_cnt_ctrl(c_xdevicefamily="z...]
Compiling architecture xilinx of entity xfft_v9_1_2.shift_ram [\shift_ram(c_xdevicefamily="zynq...]
Compiling architecture xilinx of entity xfft_v9_1_2.shift_ram [\shift_ram(c_xdevicefamily="zynq...]
Compiling architecture xilinx of entity xfft_v9_1_2.shift_ram [\shift_ram(c_xdevicefamily="zynq...]
Compiling architecture xilinx of entity xfft_v9_1_2.mux_bus2 [\mux_bus2(c_xdevicefamily="zynq"...]
Compiling architecture xilinx of entity xfft_v9_1_2.r22_delay_mux [\r22_delay_mux(c_xdevicefamily="...]
Compiling architecture xilinx of entity xfft_v9_1_2.r22_delay_mux [\r22_delay_mux(c_xdevicefamily="...]
Compiling architecture xilinx of entity xfft_v9_1_2.shift_ram [\shift_ram(c_xdevicefamily="zynq...]
Compiling architecture xilinx of entity xfft_v9_1_2.shift_ram [\shift_ram(c_xdevicefamily="zynq...]
Compiling architecture xilinx of entity xfft_v9_1_2.dpm [\dpm(c_xdevicefamily="zynq",wm="...]
Compiling architecture xilinx of entity xfft_v9_1_2.r22_memory [\r22_memory(c_xdevicefamily="zyn...]
Compiling architecture structural of entity c_reg_fd_v12_0_6.c_reg_fd_v12_0_6_viv [\c_reg_fd_v12_0_6_viv(c_width=29...]
Compiling architecture rtl of entity c_addsub_v12_0_13.c_addsub_v12_0_13_lut6_legacy [\c_addsub_v12_0_13_lut6_legacy(c...]
Compiling architecture synth of entity c_addsub_v12_0_13.c_addsub_v12_0_13_fabric_legacy [\c_addsub_v12_0_13_fabric_legacy...]
Compiling architecture synth of entity c_addsub_v12_0_13.c_addsub_v12_0_13_legacy [\c_addsub_v12_0_13_legacy(c_fami...]
Compiling architecture synth of entity c_addsub_v12_0_13.c_addsub_v12_0_13_viv [\c_addsub_v12_0_13_viv(c_xdevice...]
Compiling architecture xilinx of entity xfft_v9_1_2.adder_bypass [\adder_bypass(c_xdevicefamily="z...]
Compiling architecture structural of entity c_reg_fd_v12_0_6.c_reg_fd_v12_0_6_viv [\c_reg_fd_v12_0_6_viv(c_width=29...]
Compiling architecture rtl of entity c_addsub_v12_0_13.c_addsub_v12_0_13_lut6_legacy [\c_addsub_v12_0_13_lut6_legacy(c...]
Compiling architecture synth of entity c_addsub_v12_0_13.c_addsub_v12_0_13_fabric_legacy [\c_addsub_v12_0_13_fabric_legacy...]
Compiling architecture synth of entity c_addsub_v12_0_13.c_addsub_v12_0_13_legacy [\c_addsub_v12_0_13_legacy(c_fami...]
Compiling architecture synth of entity c_addsub_v12_0_13.c_addsub_v12_0_13_viv [\c_addsub_v12_0_13_viv(c_xdevice...]
Compiling architecture xilinx of entity xfft_v9_1_2.sub_byp [\sub_byp(c_xdevicefamily="zynq",...]
Compiling architecture xilinx of entity xfft_v9_1_2.r22_bfly_byp [\r22_bfly_byp(c_xdevicefamily="z...]
Compiling architecture xilinx of entity xfft_v9_1_2.r22_bf [\r22_bf(c_xdevicefamily="zynq",c...]
Compiling architecture xilinx of entity xfft_v9_1_2.shift_ram [\shift_ram(c_xdevicefamily="zynq...]
Compiling architecture synth of entity xfft_v9_1_2.r22_twos_comp_mux [\r22_twos_comp_mux(c_xdevicefami...]
Compiling architecture synth of entity xfft_v9_1_2.r22_twos_comp_mux [\r22_twos_comp_mux(c_xdevicefami...]
Compiling architecture xilinx of entity xfft_v9_1_2.shift_ram [\shift_ram(c_xdevicefamily="zynq...]
Compiling architecture xilinx of entity xfft_v9_1_2.mux_bus2 [\mux_bus2(c_xdevicefamily="zynq"...]
Compiling architecture xilinx of entity xfft_v9_1_2.r22_delay_mux [\r22_delay_mux(c_xdevicefamily="...]
Compiling architecture xilinx of entity xfft_v9_1_2.r22_delay_mux [\r22_delay_mux(c_xdevicefamily="...]
Compiling architecture xilinx of entity xfft_v9_1_2.shift_ram [\shift_ram(c_xdevicefamily="zynq...]
Compiling architecture xilinx of entity xfft_v9_1_2.shift_ram [\shift_ram(c_xdevicefamily="zynq...]
Compiling architecture xilinx of entity xfft_v9_1_2.dpm [\dpm(c_xdevicefamily="zynq",wm="...]
Compiling architecture xilinx of entity xfft_v9_1_2.r22_memory [\r22_memory(c_xdevicefamily="zyn...]
Compiling architecture structural of entity c_reg_fd_v12_0_6.c_reg_fd_v12_0_6_viv [\c_reg_fd_v12_0_6_viv(c_width=30...]
Compiling architecture rtl of entity c_addsub_v12_0_13.c_addsub_v12_0_13_lut6_legacy [\c_addsub_v12_0_13_lut6_legacy(c...]
Compiling architecture synth of entity c_addsub_v12_0_13.c_addsub_v12_0_13_fabric_legacy [\c_addsub_v12_0_13_fabric_legacy...]
Compiling architecture synth of entity c_addsub_v12_0_13.c_addsub_v12_0_13_legacy [\c_addsub_v12_0_13_legacy(c_fami...]
Compiling architecture synth of entity c_addsub_v12_0_13.c_addsub_v12_0_13_viv [\c_addsub_v12_0_13_viv(c_xdevice...]
Compiling architecture xilinx of entity xfft_v9_1_2.adder_bypass [\adder_bypass(c_xdevicefamily="z...]
Compiling architecture structural of entity c_reg_fd_v12_0_6.c_reg_fd_v12_0_6_viv [\c_reg_fd_v12_0_6_viv(c_width=30...]
Compiling architecture rtl of entity c_addsub_v12_0_13.c_addsub_v12_0_13_lut6_legacy [\c_addsub_v12_0_13_lut6_legacy(c...]
Compiling architecture synth of entity c_addsub_v12_0_13.c_addsub_v12_0_13_fabric_legacy [\c_addsub_v12_0_13_fabric_legacy...]
Compiling architecture synth of entity c_addsub_v12_0_13.c_addsub_v12_0_13_legacy [\c_addsub_v12_0_13_legacy(c_fami...]
Compiling architecture synth of entity c_addsub_v12_0_13.c_addsub_v12_0_13_viv [\c_addsub_v12_0_13_viv(c_xdevice...]
Compiling architecture xilinx of entity xfft_v9_1_2.sub_byp [\sub_byp(c_xdevicefamily="zynq",...]
Compiling architecture xilinx of entity xfft_v9_1_2.r22_bfly_byp [\r22_bfly_byp(c_xdevicefamily="z...]
Compiling architecture xilinx of entity xfft_v9_1_2.r22_bf [\r22_bf(c_xdevicefamily="zynq",c...]
Compiling architecture xilinx of entity xfft_v9_1_2.shift_ram [\shift_ram(c_xdevicefamily="zynq...]
Compiling architecture structural of entity c_reg_fd_v12_0_6.c_reg_fd_v12_0_6_viv [\c_reg_fd_v12_0_6_viv(c_width=9,...]
Compiling architecture rtl of entity c_addsub_v12_0_13.c_addsub_v12_0_13_lut6_legacy [\c_addsub_v12_0_13_lut6_legacy(c...]
Compiling architecture synth of entity c_addsub_v12_0_13.c_addsub_v12_0_13_fabric_legacy [\c_addsub_v12_0_13_fabric_legacy...]
Compiling architecture synth of entity c_addsub_v12_0_13.c_addsub_v12_0_13_legacy [\c_addsub_v12_0_13_legacy(c_fami...]
Compiling architecture synth of entity c_addsub_v12_0_13.c_addsub_v12_0_13_viv [\c_addsub_v12_0_13_viv(c_xdevice...]
Compiling architecture xilinx of entity xfft_v9_1_2.adder [\adder(c_xdevicefamily="zynq",c_...]
Compiling architecture xilinx of entity xfft_v9_1_2.mux_bus4 [\mux_bus4(c_xdevicefamily="zynq"...]
Compiling architecture xilinx of entity xfft_v9_1_2.twgen_half_sincos [\twgen_half_sincos(c_xdevicefami...]
Compiling architecture xilinx of entity xfft_v9_1_2.twiddle_gen [\twiddle_gen(c_xdevicefamily="zy...]
Compiling architecture xilinx of entity xfft_v9_1_2.r22_tw_gen [\r22_tw_gen(c_xdevicefamily="zyn...]
Compiling architecture xilinx of entity cmpy_v6_0_17.delay_line [\delay_line(c_xdevicefamily="zyn...]
Compiling architecture xilinx of entity mult_gen_v12_0_15.delay_line [\delay_line(c_xdevicefamily="zyn...]
Compiling architecture xilinx of entity mult_gen_v12_0_15.op_resize [\op_resize(ai_width=10,bi_width=...]
Compiling architecture xilinx of entity mult_gen_v12_0_15.dsp [\dsp(c_xdevicefamily="zynq",c_a_...]
Compiling architecture xilinx of entity cmpy_v6_0_17.cmpy_3_dsp48_mult [\cmpy_3_dsp48_mult(c_xdevicefami...]
Compiling architecture xilinx of entity mult_gen_v12_0_15.delay_line [\delay_line(c_xdevicefamily="zyn...]
Compiling architecture xilinx of entity mult_gen_v12_0_15.op_resize [\op_resize(ai_width=9,bi_width=3...]
Compiling architecture xilinx of entity mult_gen_v12_0_15.dsp [\dsp(c_xdevicefamily="zynq",c_a_...]
Compiling architecture xilinx of entity cmpy_v6_0_17.cmpy_3_dsp48_mult [\cmpy_3_dsp48_mult(c_xdevicefami...]
Compiling architecture xilinx of entity mult_gen_v12_0_15.dsp [\dsp(c_xdevicefamily="zynq",c_a_...]
Compiling architecture xilinx of entity cmpy_v6_0_17.cmpy_3_dsp48_mult [\cmpy_3_dsp48_mult(c_xdevicefami...]
Compiling architecture xilinx of entity cmpy_v6_0_17.input_negation [\input_negation(c_xdevicefamily=...]
Compiling architecture xilinx of entity cmpy_v6_0_17.delay_line [\delay_line(c_xdevicefamily="zyn...]
Compiling architecture xilinx of entity cmpy_v6_0_17.cmpy_3_dsp48 [\cmpy_3_dsp48(c_xdevicefamily="z...]
Compiling architecture xilinx of entity cmpy_v6_0_17.cmpy_v6_0_17_synth [\cmpy_v6_0_17_synth(c_xdevicefam...]
Compiling architecture xilinx of entity xfft_v9_1_2.cmpy [\cmpy(c_xdevicefamily="zynq",a_w...]
Compiling architecture xilinx of entity xfft_v9_1_2.shift_ram [\shift_ram(c_xdevicefamily="zynq...]
Compiling architecture xilinx of entity xfft_v9_1_2.shift_ram [\shift_ram(c_xdevicefamily="zynq...]
Compiling architecture xilinx of entity xfft_v9_1_2.r22_pe [\r22_pe(c_xdevicefamily="zynq",m...]
Compiling architecture xilinx of entity xfft_v9_1_2.r22_cnt_ctrl [\r22_cnt_ctrl(c_xdevicefamily="z...]
Compiling architecture xilinx of entity xfft_v9_1_2.r22_cnt_ctrl [\r22_cnt_ctrl(c_xdevicefamily="z...]
Compiling architecture xilinx of entity xfft_v9_1_2.shift_ram [\shift_ram(c_xdevicefamily="zynq...]
Compiling architecture xilinx of entity xfft_v9_1_2.shift_ram [\shift_ram(c_xdevicefamily="zynq...]
Compiling architecture xilinx of entity xfft_v9_1_2.shift_ram [\shift_ram(c_xdevicefamily="zynq...]
Compiling architecture xilinx of entity xfft_v9_1_2.mux_bus2 [\mux_bus2(c_xdevicefamily="zynq"...]
Compiling architecture xilinx of entity xfft_v9_1_2.r22_delay_mux [\r22_delay_mux(c_xdevicefamily="...]
Compiling architecture xilinx of entity xfft_v9_1_2.r22_delay_mux [\r22_delay_mux(c_xdevicefamily="...]
Compiling architecture xilinx of entity xfft_v9_1_2.shift_ram [\shift_ram(c_xdevicefamily="zynq...]
Compiling architecture xilinx of entity xfft_v9_1_2.shift_ram [\shift_ram(c_xdevicefamily="zynq...]
Compiling architecture struct of entity c_shift_ram_v12_0_13.c_shift_ram_v12_0_13_legacy [\c_shift_ram_v12_0_13_legacy(c_x...]
Compiling architecture synth of entity c_shift_ram_v12_0_13.c_shift_ram_v12_0_13_viv [\c_shift_ram_v12_0_13_viv(c_xdev...]
Compiling architecture synth of entity xfft_v9_1_2.r22_srl_memory [\r22_srl_memory(c_xdevicefamily=...]
Compiling architecture xilinx of entity xfft_v9_1_2.r22_memory [\r22_memory(c_xdevicefamily="zyn...]
Compiling architecture structural of entity c_reg_fd_v12_0_6.c_reg_fd_v12_0_6_viv [\c_reg_fd_v12_0_6_viv(c_width=31...]
Compiling architecture rtl of entity c_addsub_v12_0_13.c_addsub_v12_0_13_lut6_legacy [\c_addsub_v12_0_13_lut6_legacy(c...]
Compiling architecture synth of entity c_addsub_v12_0_13.c_addsub_v12_0_13_fabric_legacy [\c_addsub_v12_0_13_fabric_legacy...]
Compiling architecture synth of entity c_addsub_v12_0_13.c_addsub_v12_0_13_legacy [\c_addsub_v12_0_13_legacy(c_fami...]
Compiling architecture synth of entity c_addsub_v12_0_13.c_addsub_v12_0_13_viv [\c_addsub_v12_0_13_viv(c_xdevice...]
Compiling architecture xilinx of entity xfft_v9_1_2.adder_bypass [\adder_bypass(c_xdevicefamily="z...]
Compiling architecture structural of entity c_reg_fd_v12_0_6.c_reg_fd_v12_0_6_viv [\c_reg_fd_v12_0_6_viv(c_width=31...]
Compiling architecture rtl of entity c_addsub_v12_0_13.c_addsub_v12_0_13_lut6_legacy [\c_addsub_v12_0_13_lut6_legacy(c...]
Compiling architecture synth of entity c_addsub_v12_0_13.c_addsub_v12_0_13_fabric_legacy [\c_addsub_v12_0_13_fabric_legacy...]
Compiling architecture synth of entity c_addsub_v12_0_13.c_addsub_v12_0_13_legacy [\c_addsub_v12_0_13_legacy(c_fami...]
Compiling architecture synth of entity c_addsub_v12_0_13.c_addsub_v12_0_13_viv [\c_addsub_v12_0_13_viv(c_xdevice...]
Compiling architecture xilinx of entity xfft_v9_1_2.sub_byp [\sub_byp(c_xdevicefamily="zynq",...]
Compiling architecture xilinx of entity xfft_v9_1_2.r22_bfly_byp [\r22_bfly_byp(c_xdevicefamily="z...]
Compiling architecture xilinx of entity xfft_v9_1_2.r22_bf [\r22_bf(c_xdevicefamily="zynq",c...]
Compiling architecture xilinx of entity xfft_v9_1_2.shift_ram [\shift_ram(c_xdevicefamily="zynq...]
Compiling architecture synth of entity xfft_v9_1_2.r22_twos_comp_mux [\r22_twos_comp_mux(c_xdevicefami...]
Compiling architecture synth of entity xfft_v9_1_2.r22_twos_comp_mux [\r22_twos_comp_mux(c_xdevicefami...]
Compiling architecture xilinx of entity xfft_v9_1_2.shift_ram [\shift_ram(c_xdevicefamily="zynq...]
Compiling architecture xilinx of entity xfft_v9_1_2.mux_bus2 [\mux_bus2(c_xdevicefamily="zynq"...]
Compiling architecture xilinx of entity xfft_v9_1_2.r22_delay_mux [\r22_delay_mux(c_xdevicefamily="...]
Compiling architecture xilinx of entity xfft_v9_1_2.r22_delay_mux [\r22_delay_mux(c_xdevicefamily="...]
Compiling architecture xilinx of entity xfft_v9_1_2.shift_ram [\shift_ram(c_xdevicefamily="zynq...]
Compiling architecture xilinx of entity xfft_v9_1_2.shift_ram [\shift_ram(c_xdevicefamily="zynq...]
Compiling architecture struct of entity c_shift_ram_v12_0_13.c_shift_ram_v12_0_13_legacy [\c_shift_ram_v12_0_13_legacy(c_x...]
Compiling architecture synth of entity c_shift_ram_v12_0_13.c_shift_ram_v12_0_13_viv [\c_shift_ram_v12_0_13_viv(c_xdev...]
Compiling architecture synth of entity xfft_v9_1_2.r22_srl_memory [\r22_srl_memory(c_xdevicefamily=...]
Compiling architecture xilinx of entity xfft_v9_1_2.r22_memory [\r22_memory(c_xdevicefamily="zyn...]
Compiling architecture structural of entity c_reg_fd_v12_0_6.c_reg_fd_v12_0_6_viv [\c_reg_fd_v12_0_6_viv(c_width=32...]
Compiling architecture rtl of entity c_addsub_v12_0_13.c_addsub_v12_0_13_lut6_legacy [\c_addsub_v12_0_13_lut6_legacy(c...]
Compiling architecture synth of entity c_addsub_v12_0_13.c_addsub_v12_0_13_fabric_legacy [\c_addsub_v12_0_13_fabric_legacy...]
Compiling architecture synth of entity c_addsub_v12_0_13.c_addsub_v12_0_13_legacy [\c_addsub_v12_0_13_legacy(c_fami...]
Compiling architecture synth of entity c_addsub_v12_0_13.c_addsub_v12_0_13_viv [\c_addsub_v12_0_13_viv(c_xdevice...]
Compiling architecture xilinx of entity xfft_v9_1_2.adder_bypass [\adder_bypass(c_xdevicefamily="z...]
Compiling architecture structural of entity c_reg_fd_v12_0_6.c_reg_fd_v12_0_6_viv [\c_reg_fd_v12_0_6_viv(c_width=32...]
Compiling architecture rtl of entity c_addsub_v12_0_13.c_addsub_v12_0_13_lut6_legacy [\c_addsub_v12_0_13_lut6_legacy(c...]
Compiling architecture synth of entity c_addsub_v12_0_13.c_addsub_v12_0_13_fabric_legacy [\c_addsub_v12_0_13_fabric_legacy...]
Compiling architecture synth of entity c_addsub_v12_0_13.c_addsub_v12_0_13_legacy [\c_addsub_v12_0_13_legacy(c_fami...]
Compiling architecture synth of entity c_addsub_v12_0_13.c_addsub_v12_0_13_viv [\c_addsub_v12_0_13_viv(c_xdevice...]
Compiling architecture xilinx of entity xfft_v9_1_2.sub_byp [\sub_byp(c_xdevicefamily="zynq",...]
Compiling architecture xilinx of entity xfft_v9_1_2.r22_bfly_byp [\r22_bfly_byp(c_xdevicefamily="z...]
Compiling architecture xilinx of entity xfft_v9_1_2.r22_bf [\r22_bf(c_xdevicefamily="zynq",c...]
Compiling architecture structural of entity c_reg_fd_v12_0_6.c_reg_fd_v12_0_6_viv [\c_reg_fd_v12_0_6_viv(c_width=7,...]
Compiling architecture rtl of entity c_addsub_v12_0_13.c_addsub_v12_0_13_lut6_legacy [\c_addsub_v12_0_13_lut6_legacy(c...]
Compiling architecture synth of entity c_addsub_v12_0_13.c_addsub_v12_0_13_fabric_legacy [\c_addsub_v12_0_13_fabric_legacy...]
Compiling architecture synth of entity c_addsub_v12_0_13.c_addsub_v12_0_13_legacy [\c_addsub_v12_0_13_legacy(c_fami...]
Compiling architecture synth of entity c_addsub_v12_0_13.c_addsub_v12_0_13_viv [\c_addsub_v12_0_13_viv(c_xdevice...]
Compiling architecture xilinx of entity xfft_v9_1_2.adder [\adder(c_xdevicefamily="zynq",c_...]
Compiling architecture xilinx of entity xfft_v9_1_2.mux_bus4 [\mux_bus4(c_xdevicefamily="zynq"...]
Compiling architecture struct of entity c_shift_ram_v12_0_13.c_shift_ram_v12_0_13_legacy [\c_shift_ram_v12_0_13_legacy(c_x...]
Compiling architecture synth of entity c_shift_ram_v12_0_13.c_shift_ram_v12_0_13_viv [\c_shift_ram_v12_0_13_viv(c_xdev...]
Compiling architecture xilinx of entity xfft_v9_1_2.shift_ram [\shift_ram(c_xdevicefamily="zynq...]
Compiling architecture xilinx of entity xfft_v9_1_2.twgen_distmem [\twgen_distmem(theta_width=6,twi...]
Compiling architecture xilinx of entity xfft_v9_1_2.twiddle_gen [\twiddle_gen(c_xdevicefamily="zy...]
Compiling architecture xilinx of entity xfft_v9_1_2.r22_tw_gen [\r22_tw_gen(c_xdevicefamily="zyn...]
Compiling architecture xilinx of entity cmpy_v6_0_17.delay_line [\delay_line(c_xdevicefamily="zyn...]
Compiling architecture xilinx of entity mult_gen_v12_0_15.delay_line [\delay_line(c_xdevicefamily="zyn...]
Compiling architecture xilinx of entity mult_gen_v12_0_15.op_resize [\op_resize(ai_width=10,bi_width=...]
Compiling architecture xilinx of entity mult_gen_v12_0_15.dsp [\dsp(c_xdevicefamily="zynq",c_a_...]
Compiling architecture xilinx of entity cmpy_v6_0_17.cmpy_3_dsp48_mult [\cmpy_3_dsp48_mult(c_xdevicefami...]
Compiling architecture xilinx of entity mult_gen_v12_0_15.delay_line [\delay_line(c_xdevicefamily="zyn...]
Compiling architecture xilinx of entity mult_gen_v12_0_15.op_resize [\op_resize(ai_width=9,bi_width=3...]
Compiling architecture xilinx of entity mult_gen_v12_0_15.dsp [\dsp(c_xdevicefamily="zynq",c_a_...]
Compiling architecture xilinx of entity cmpy_v6_0_17.cmpy_3_dsp48_mult [\cmpy_3_dsp48_mult(c_xdevicefami...]
Compiling architecture xilinx of entity mult_gen_v12_0_15.dsp [\dsp(c_xdevicefamily="zynq",c_a_...]
Compiling architecture xilinx of entity cmpy_v6_0_17.cmpy_3_dsp48_mult [\cmpy_3_dsp48_mult(c_xdevicefami...]
Compiling architecture xilinx of entity cmpy_v6_0_17.input_negation [\input_negation(c_xdevicefamily=...]
Compiling architecture xilinx of entity cmpy_v6_0_17.delay_line [\delay_line(c_xdevicefamily="zyn...]
Compiling architecture xilinx of entity cmpy_v6_0_17.cmpy_3_dsp48 [\cmpy_3_dsp48(c_xdevicefamily="z...]
Compiling architecture xilinx of entity cmpy_v6_0_17.cmpy_v6_0_17_synth [\cmpy_v6_0_17_synth(c_xdevicefam...]
Compiling architecture xilinx of entity xfft_v9_1_2.cmpy [\cmpy(c_xdevicefamily="zynq",a_w...]
Compiling architecture xilinx of entity xfft_v9_1_2.shift_ram [\shift_ram(c_xdevicefamily="zynq...]
Compiling architecture xilinx of entity xfft_v9_1_2.shift_ram [\shift_ram(c_xdevicefamily="zynq...]
Compiling architecture xilinx of entity xfft_v9_1_2.r22_pe [\r22_pe(c_xdevicefamily="zynq",m...]
Compiling architecture xilinx of entity xfft_v9_1_2.r22_cnt_ctrl [\r22_cnt_ctrl(c_xdevicefamily="z...]
Compiling architecture xilinx of entity xfft_v9_1_2.r22_cnt_ctrl [\r22_cnt_ctrl(c_xdevicefamily="z...]
Compiling architecture struct of entity c_shift_ram_v12_0_13.c_shift_ram_v12_0_13_legacy [\c_shift_ram_v12_0_13_legacy(c_x...]
Compiling architecture synth of entity c_shift_ram_v12_0_13.c_shift_ram_v12_0_13_viv [\c_shift_ram_v12_0_13_viv(c_xdev...]
Compiling architecture xilinx of entity xfft_v9_1_2.shift_ram [\shift_ram(c_xdevicefamily="zynq...]
Compiling architecture struct of entity c_shift_ram_v12_0_13.c_shift_ram_v12_0_13_legacy [\c_shift_ram_v12_0_13_legacy(c_x...]
Compiling architecture synth of entity c_shift_ram_v12_0_13.c_shift_ram_v12_0_13_viv [\c_shift_ram_v12_0_13_viv(c_xdev...]
Compiling architecture xilinx of entity xfft_v9_1_2.shift_ram [\shift_ram(c_xdevicefamily="zynq...]
Compiling architecture struct of entity c_shift_ram_v12_0_13.c_shift_ram_v12_0_13_legacy [\c_shift_ram_v12_0_13_legacy(c_x...]
Compiling architecture synth of entity c_shift_ram_v12_0_13.c_shift_ram_v12_0_13_viv [\c_shift_ram_v12_0_13_viv(c_xdev...]
Compiling architecture xilinx of entity xfft_v9_1_2.shift_ram [\shift_ram(c_xdevicefamily="zynq...]
Compiling architecture struct of entity c_shift_ram_v12_0_13.c_shift_ram_v12_0_13_legacy [\c_shift_ram_v12_0_13_legacy(c_x...]
Compiling architecture synth of entity c_shift_ram_v12_0_13.c_shift_ram_v12_0_13_viv [\c_shift_ram_v12_0_13_viv(c_xdev...]
Compiling architecture xilinx of entity xfft_v9_1_2.shift_ram [\shift_ram(c_xdevicefamily="zynq...]
Compiling architecture rtl of entity c_addsub_v12_0_13.c_addsub_v12_0_13_lut6_legacy [\c_addsub_v12_0_13_lut6_legacy(c...]
Compiling architecture synth of entity c_addsub_v12_0_13.c_addsub_v12_0_13_fabric_legacy [\c_addsub_v12_0_13_fabric_legacy...]
Compiling architecture synth of entity c_addsub_v12_0_13.c_addsub_v12_0_13_legacy [\c_addsub_v12_0_13_legacy(c_fami...]
Compiling architecture synth of entity c_addsub_v12_0_13.c_addsub_v12_0_13_viv [\c_addsub_v12_0_13_viv(c_xdevice...]
Compiling architecture xilinx of entity xfft_v9_1_2.adder [\adder(c_xdevicefamily="zynq",c_...]
Compiling architecture struct of entity c_shift_ram_v12_0_13.c_shift_ram_v12_0_13_legacy [\c_shift_ram_v12_0_13_legacy(c_x...]
Compiling architecture synth of entity c_shift_ram_v12_0_13.c_shift_ram_v12_0_13_viv [\c_shift_ram_v12_0_13_viv(c_xdev...]
Compiling architecture xilinx of entity xfft_v9_1_2.shift_ram [\shift_ram(c_xdevicefamily="zynq...]
Compiling architecture xilinx of entity xfft_v9_1_2.shift_ram [\shift_ram(c_xdevicefamily="zynq...]
Compiling architecture xilinx of entity xfft_v9_1_2.shift_ram [\shift_ram(c_xdevicefamily="zynq...]
Compiling architecture xilinx of entity xfft_v9_1_2.mux_bus2 [\mux_bus2(c_xdevicefamily="zynq"...]
Compiling architecture xilinx of entity xfft_v9_1_2.r22_bf_sp [\r22_bf_sp(c_xdevicefamily="zynq...]
Compiling architecture synth of entity xfft_v9_1_2.r22_twos_comp_mux [\r22_twos_comp_mux(c_xdevicefami...]
Compiling architecture synth of entity xfft_v9_1_2.r22_twos_comp_mux [\r22_twos_comp_mux(c_xdevicefami...]
Compiling architecture structural of entity c_reg_fd_v12_0_6.c_reg_fd_v12_0_6_viv [\c_reg_fd_v12_0_6_viv(c_width=33...]
Compiling architecture rtl of entity c_addsub_v12_0_13.c_addsub_v12_0_13_lut6_legacy [\c_addsub_v12_0_13_lut6_legacy(c...]
Compiling architecture synth of entity c_addsub_v12_0_13.c_addsub_v12_0_13_fabric_legacy [\c_addsub_v12_0_13_fabric_legacy...]
Compiling architecture synth of entity c_addsub_v12_0_13.c_addsub_v12_0_13_legacy [\c_addsub_v12_0_13_legacy(c_fami...]
Compiling architecture synth of entity c_addsub_v12_0_13.c_addsub_v12_0_13_viv [\c_addsub_v12_0_13_viv(c_xdevice...]
Compiling architecture xilinx of entity xfft_v9_1_2.adder [\adder(c_xdevicefamily="zynq",c_...]
Compiling architecture xilinx of entity xfft_v9_1_2.shift_ram [\shift_ram(c_xdevicefamily="zynq...]
Compiling architecture struct of entity c_shift_ram_v12_0_13.c_shift_ram_v12_0_13_legacy [\c_shift_ram_v12_0_13_legacy(c_x...]
Compiling architecture synth of entity c_shift_ram_v12_0_13.c_shift_ram_v12_0_13_viv [\c_shift_ram_v12_0_13_viv(c_xdev...]
Compiling architecture xilinx of entity xfft_v9_1_2.shift_ram [\shift_ram(c_xdevicefamily="zynq...]
Compiling architecture xilinx of entity xfft_v9_1_2.shift_ram [\shift_ram(c_xdevicefamily="zynq...]
Compiling architecture xilinx of entity xfft_v9_1_2.mux_bus2 [\mux_bus2(c_xdevicefamily="zynq"...]
Compiling architecture xilinx of entity xfft_v9_1_2.r22_bf_sp [\r22_bf_sp(c_xdevicefamily="zynq...]
Compiling architecture struct of entity c_shift_ram_v12_0_13.c_shift_ram_v12_0_13_legacy [\c_shift_ram_v12_0_13_legacy(c_x...]
Compiling architecture synth of entity c_shift_ram_v12_0_13.c_shift_ram_v12_0_13_viv [\c_shift_ram_v12_0_13_viv(c_xdev...]
Compiling architecture xilinx of entity xfft_v9_1_2.shift_ram [\shift_ram(c_xdevicefamily="zynq...]
Compiling architecture struct of entity c_shift_ram_v12_0_13.c_shift_ram_v12_0_13_legacy [\c_shift_ram_v12_0_13_legacy(c_x...]
Compiling architecture synth of entity c_shift_ram_v12_0_13.c_shift_ram_v12_0_13_viv [\c_shift_ram_v12_0_13_viv(c_xdev...]
Compiling architecture xilinx of entity xfft_v9_1_2.shift_ram [\shift_ram(c_xdevicefamily="zynq...]
Compiling architecture structural of entity c_reg_fd_v12_0_6.c_reg_fd_v12_0_6_viv [\c_reg_fd_v12_0_6_viv(c_width=5,...]
Compiling architecture rtl of entity c_addsub_v12_0_13.c_addsub_v12_0_13_lut6_legacy [\c_addsub_v12_0_13_lut6_legacy(c...]
Compiling architecture synth of entity c_addsub_v12_0_13.c_addsub_v12_0_13_fabric_legacy [\c_addsub_v12_0_13_fabric_legacy...]
Compiling architecture synth of entity c_addsub_v12_0_13.c_addsub_v12_0_13_legacy [\c_addsub_v12_0_13_legacy(c_fami...]
Compiling architecture synth of entity c_addsub_v12_0_13.c_addsub_v12_0_13_viv [\c_addsub_v12_0_13_viv(c_xdevice...]
Compiling architecture xilinx of entity xfft_v9_1_2.adder [\adder(c_xdevicefamily="zynq",c_...]
Compiling architecture xilinx of entity xfft_v9_1_2.mux_bus4 [\mux_bus4(c_xdevicefamily="zynq"...]
Compiling architecture xilinx of entity xfft_v9_1_2.twgen_distmem [\twgen_distmem(theta_width=4,twi...]
Compiling architecture xilinx of entity xfft_v9_1_2.twiddle_gen [\twiddle_gen(c_xdevicefamily="zy...]
Compiling architecture xilinx of entity xfft_v9_1_2.r22_tw_gen [\r22_tw_gen(c_xdevicefamily="zyn...]
Compiling architecture xilinx of entity cmpy_v6_0_17.delay_line [\delay_line(c_xdevicefamily="zyn...]
Compiling architecture xilinx of entity mult_gen_v12_0_15.delay_line [\delay_line(c_xdevicefamily="zyn...]
Compiling architecture xilinx of entity mult_gen_v12_0_15.op_resize [\op_resize(ai_width=10,bi_width=...]
Compiling architecture xilinx of entity mult_gen_v12_0_15.dsp [\dsp(c_xdevicefamily="zynq",c_a_...]
Compiling architecture xilinx of entity cmpy_v6_0_17.cmpy_3_dsp48_mult [\cmpy_3_dsp48_mult(c_xdevicefami...]
Compiling architecture xilinx of entity mult_gen_v12_0_15.delay_line [\delay_line(c_xdevicefamily="zyn...]
Compiling architecture xilinx of entity mult_gen_v12_0_15.op_resize [\op_resize(ai_width=9,bi_width=3...]
Compiling architecture xilinx of entity mult_gen_v12_0_15.dsp [\dsp(c_xdevicefamily="zynq",c_a_...]
Compiling architecture xilinx of entity cmpy_v6_0_17.cmpy_3_dsp48_mult [\cmpy_3_dsp48_mult(c_xdevicefami...]
Compiling architecture xilinx of entity mult_gen_v12_0_15.dsp [\dsp(c_xdevicefamily="zynq",c_a_...]
Compiling architecture xilinx of entity cmpy_v6_0_17.cmpy_3_dsp48_mult [\cmpy_3_dsp48_mult(c_xdevicefami...]
Compiling architecture xilinx of entity cmpy_v6_0_17.input_negation [\input_negation(c_xdevicefamily=...]
Compiling architecture xilinx of entity cmpy_v6_0_17.delay_line [\delay_line(c_xdevicefamily="zyn...]
Compiling architecture xilinx of entity cmpy_v6_0_17.cmpy_3_dsp48 [\cmpy_3_dsp48(c_xdevicefamily="z...]
Compiling architecture xilinx of entity cmpy_v6_0_17.cmpy_v6_0_17_synth [\cmpy_v6_0_17_synth(c_xdevicefam...]
Compiling architecture xilinx of entity xfft_v9_1_2.cmpy [\cmpy(c_xdevicefamily="zynq",a_w...]
Compiling architecture struct of entity c_shift_ram_v12_0_13.c_shift_ram_v12_0_13_legacy [\c_shift_ram_v12_0_13_legacy(c_x...]
Compiling architecture synth of entity c_shift_ram_v12_0_13.c_shift_ram_v12_0_13_viv [\c_shift_ram_v12_0_13_viv(c_xdev...]
Compiling architecture xilinx of entity xfft_v9_1_2.shift_ram [\shift_ram(c_xdevicefamily="zynq...]
Compiling architecture xilinx of entity xfft_v9_1_2.shift_ram [\shift_ram(c_xdevicefamily="zynq...]
Compiling architecture xilinx of entity xfft_v9_1_2.r22_pe [\r22_pe(c_xdevicefamily="zynq",m...]
Compiling architecture xilinx of entity xfft_v9_1_2.r22_cnt_ctrl [\r22_cnt_ctrl(c_xdevicefamily="z...]
Compiling architecture xilinx of entity xfft_v9_1_2.r22_cnt_ctrl [\r22_cnt_ctrl(c_xdevicefamily="z...]
Compiling architecture struct of entity c_shift_ram_v12_0_13.c_shift_ram_v12_0_13_legacy [\c_shift_ram_v12_0_13_legacy(c_x...]
Compiling architecture synth of entity c_shift_ram_v12_0_13.c_shift_ram_v12_0_13_viv [\c_shift_ram_v12_0_13_viv(c_xdev...]
Compiling architecture xilinx of entity xfft_v9_1_2.shift_ram [\shift_ram(c_xdevicefamily="zynq...]
Compiling architecture struct of entity c_shift_ram_v12_0_13.c_shift_ram_v12_0_13_legacy [\c_shift_ram_v12_0_13_legacy(c_x...]
Compiling architecture synth of entity c_shift_ram_v12_0_13.c_shift_ram_v12_0_13_viv [\c_shift_ram_v12_0_13_viv(c_xdev...]
Compiling architecture xilinx of entity xfft_v9_1_2.shift_ram [\shift_ram(c_xdevicefamily="zynq...]
Compiling architecture struct of entity c_shift_ram_v12_0_13.c_shift_ram_v12_0_13_legacy [\c_shift_ram_v12_0_13_legacy(c_x...]
Compiling architecture synth of entity c_shift_ram_v12_0_13.c_shift_ram_v12_0_13_viv [\c_shift_ram_v12_0_13_viv(c_xdev...]
Compiling architecture xilinx of entity xfft_v9_1_2.shift_ram [\shift_ram(c_xdevicefamily="zynq...]
Compiling architecture struct of entity c_shift_ram_v12_0_13.c_shift_ram_v12_0_13_legacy [\c_shift_ram_v12_0_13_legacy(c_x...]
Compiling architecture synth of entity c_shift_ram_v12_0_13.c_shift_ram_v12_0_13_viv [\c_shift_ram_v12_0_13_viv(c_xdev...]
Compiling architecture xilinx of entity xfft_v9_1_2.shift_ram [\shift_ram(c_xdevicefamily="zynq...]
Compiling architecture structural of entity c_reg_fd_v12_0_6.c_reg_fd_v12_0_6_viv [\c_reg_fd_v12_0_6_viv(c_width=34...]
Compiling architecture rtl of entity c_addsub_v12_0_13.c_addsub_v12_0_13_lut6_legacy [\c_addsub_v12_0_13_lut6_legacy(c...]
Compiling architecture synth of entity c_addsub_v12_0_13.c_addsub_v12_0_13_fabric_legacy [\c_addsub_v12_0_13_fabric_legacy...]
Compiling architecture synth of entity c_addsub_v12_0_13.c_addsub_v12_0_13_legacy [\c_addsub_v12_0_13_legacy(c_fami...]
Compiling architecture synth of entity c_addsub_v12_0_13.c_addsub_v12_0_13_viv [\c_addsub_v12_0_13_viv(c_xdevice...]
Compiling architecture xilinx of entity xfft_v9_1_2.adder [\adder(c_xdevicefamily="zynq",c_...]
Compiling architecture xilinx of entity xfft_v9_1_2.shift_ram [\shift_ram(c_xdevicefamily="zynq...]
Compiling architecture xilinx of entity xfft_v9_1_2.shift_ram [\shift_ram(c_xdevicefamily="zynq...]
Compiling architecture xilinx of entity xfft_v9_1_2.mux_bus2 [\mux_bus2(c_xdevicefamily="zynq"...]
Compiling architecture xilinx of entity xfft_v9_1_2.r22_bf_sp [\r22_bf_sp(c_xdevicefamily="zynq...]
Compiling architecture synth of entity xfft_v9_1_2.r22_twos_comp_mux [\r22_twos_comp_mux(c_xdevicefami...]
Compiling architecture synth of entity xfft_v9_1_2.r22_twos_comp_mux [\r22_twos_comp_mux(c_xdevicefami...]
Compiling architecture structural of entity c_reg_fd_v12_0_6.c_reg_fd_v12_0_6_viv [\c_reg_fd_v12_0_6_viv(c_width=35...]
Compiling architecture rtl of entity c_addsub_v12_0_13.c_addsub_v12_0_13_lut6_legacy [\c_addsub_v12_0_13_lut6_legacy(c...]
Compiling architecture synth of entity c_addsub_v12_0_13.c_addsub_v12_0_13_fabric_legacy [\c_addsub_v12_0_13_fabric_legacy...]
Compiling architecture synth of entity c_addsub_v12_0_13.c_addsub_v12_0_13_legacy [\c_addsub_v12_0_13_legacy(c_fami...]
Compiling architecture synth of entity c_addsub_v12_0_13.c_addsub_v12_0_13_viv [\c_addsub_v12_0_13_viv(c_xdevice...]
Compiling architecture xilinx of entity xfft_v9_1_2.adder [\adder(c_xdevicefamily="zynq",c_...]
Compiling architecture xilinx of entity xfft_v9_1_2.shift_ram [\shift_ram(c_xdevicefamily="zynq...]
Compiling architecture xilinx of entity xfft_v9_1_2.mux_bus2 [\mux_bus2(c_xdevicefamily="zynq"...]
Compiling architecture xilinx of entity xfft_v9_1_2.r22_bf_sp [\r22_bf_sp(c_xdevicefamily="zynq...]
Compiling architecture xilinx of entity xfft_v9_1_2.shift_ram [\shift_ram(c_xdevicefamily="zynq...]
Compiling architecture struct of entity c_shift_ram_v12_0_13.c_shift_ram_v12_0_13_legacy [\c_shift_ram_v12_0_13_legacy(c_x...]
Compiling architecture synth of entity c_shift_ram_v12_0_13.c_shift_ram_v12_0_13_viv [\c_shift_ram_v12_0_13_viv(c_xdev...]
Compiling architecture xilinx of entity xfft_v9_1_2.shift_ram [\shift_ram(c_xdevicefamily="zynq...]
Compiling architecture structural of entity c_reg_fd_v12_0_6.c_reg_fd_v12_0_6_viv [\c_reg_fd_v12_0_6_viv(c_width=3,...]
Compiling architecture rtl of entity c_addsub_v12_0_13.c_addsub_v12_0_13_lut6_legacy [\c_addsub_v12_0_13_lut6_legacy(c...]
Compiling architecture synth of entity c_addsub_v12_0_13.c_addsub_v12_0_13_fabric_legacy [\c_addsub_v12_0_13_fabric_legacy...]
Compiling architecture synth of entity c_addsub_v12_0_13.c_addsub_v12_0_13_legacy [\c_addsub_v12_0_13_legacy(c_fami...]
Compiling architecture synth of entity c_addsub_v12_0_13.c_addsub_v12_0_13_viv [\c_addsub_v12_0_13_viv(c_xdevice...]
Compiling architecture xilinx of entity xfft_v9_1_2.adder [\adder(c_xdevicefamily="zynq",c_...]
Compiling architecture xilinx of entity xfft_v9_1_2.mux_bus4 [\mux_bus4(c_xdevicefamily="zynq"...]
Compiling architecture xilinx of entity xfft_v9_1_2.twgen_distmem [\twgen_distmem(theta_width=2,twi...]
Compiling architecture xilinx of entity xfft_v9_1_2.twiddle_gen [\twiddle_gen(c_xdevicefamily="zy...]
Compiling architecture xilinx of entity xfft_v9_1_2.r22_tw_gen [\r22_tw_gen(c_xdevicefamily="zyn...]
Compiling architecture xilinx of entity mult_gen_v12_0_15.delay_line [\delay_line(c_xdevicefamily="zyn...]
Compiling architecture xilinx of entity mult_gen_v12_0_15.op_resize [\op_resize(ai_width=10,bi_width=...]
Compiling architecture xilinx of entity mult_gen_v12_0_15.dsp [\dsp(c_xdevicefamily="zynq",c_a_...]
Compiling architecture xilinx of entity cmpy_v6_0_17.cmpy_3_dsp48_mult [\cmpy_3_dsp48_mult(c_xdevicefami...]
Compiling architecture xilinx of entity mult_gen_v12_0_15.delay_line [\delay_line(c_xdevicefamily="zyn...]
Compiling architecture dsp48e1_v of entity unisim.DSP48E1 [\DSP48E1(alumodereg=0,bcascreg=2...]
Compiling architecture dsp48e1_v of entity unisim.DSP48E1 [\DSP48E1(acascreg=2,alumodereg=0...]
Compiling architecture xilinx of entity mult_gen_v12_0_15.op_resize [\op_resize(ai_width=9,bi_width=3...]
Compiling architecture xilinx of entity mult_gen_v12_0_15.dsp [\dsp(c_xdevicefamily="zynq",c_a_...]
Compiling architecture xilinx of entity cmpy_v6_0_17.cmpy_3_dsp48_mult [\cmpy_3_dsp48_mult(c_xdevicefami...]
Compiling architecture xilinx of entity mult_gen_v12_0_15.dsp [\dsp(c_xdevicefamily="zynq",c_a_...]
Compiling architecture xilinx of entity cmpy_v6_0_17.cmpy_3_dsp48_mult [\cmpy_3_dsp48_mult(c_xdevicefami...]
Compiling architecture xilinx of entity cmpy_v6_0_17.input_negation [\input_negation(c_xdevicefamily=...]
Compiling architecture xilinx of entity cmpy_v6_0_17.delay_line [\delay_line(c_xdevicefamily="zyn...]
Compiling architecture xilinx of entity cmpy_v6_0_17.cmpy_3_dsp48 [\cmpy_3_dsp48(c_xdevicefamily="z...]
Compiling architecture xilinx of entity cmpy_v6_0_17.cmpy_v6_0_17_synth [\cmpy_v6_0_17_synth(c_xdevicefam...]
Compiling architecture xilinx of entity xfft_v9_1_2.cmpy [\cmpy(c_xdevicefamily="zynq",a_w...]
Compiling architecture xilinx of entity xfft_v9_1_2.shift_ram [\shift_ram(c_xdevicefamily="zynq...]
Compiling architecture xilinx of entity xfft_v9_1_2.shift_ram [\shift_ram(c_xdevicefamily="zynq...]
Compiling architecture xilinx of entity xfft_v9_1_2.r22_pe [\r22_pe(c_xdevicefamily="zynq",m...]
Compiling architecture structural of entity c_reg_fd_v12_0_6.c_reg_fd_v12_0_6_viv [\c_reg_fd_v12_0_6_viv(c_width=36...]
Compiling architecture rtl of entity c_addsub_v12_0_13.c_addsub_v12_0_13_lut6_legacy [\c_addsub_v12_0_13_lut6_legacy(c...]
Compiling architecture synth of entity c_addsub_v12_0_13.c_addsub_v12_0_13_fabric_legacy [\c_addsub_v12_0_13_fabric_legacy...]
Compiling architecture synth of entity c_addsub_v12_0_13.c_addsub_v12_0_13_legacy [\c_addsub_v12_0_13_legacy(c_fami...]
Compiling architecture synth of entity c_addsub_v12_0_13.c_addsub_v12_0_13_viv [\c_addsub_v12_0_13_viv(c_xdevice...]
Compiling architecture xilinx of entity xfft_v9_1_2.adder [\adder(c_xdevicefamily="zynq",c_...]
Compiling architecture xilinx of entity xfft_v9_1_2.shift_ram [\shift_ram(c_xdevicefamily="zynq...]
Compiling architecture xilinx of entity xfft_v9_1_2.shift_ram [\shift_ram(c_xdevicefamily="zynq...]
Compiling architecture xilinx of entity xfft_v9_1_2.mux_bus2 [\mux_bus2(c_xdevicefamily="zynq"...]
Compiling architecture xilinx of entity xfft_v9_1_2.r22_bf_sp [\r22_bf_sp(c_xdevicefamily="zynq...]
Compiling architecture xilinx of entity xfft_v9_1_2.shift_ram [\shift_ram(c_xdevicefamily="zynq...]
Compiling architecture xilinx of entity xfft_v9_1_2.shift_ram [\shift_ram(c_xdevicefamily="zynq...]
Compiling architecture xilinx of entity xfft_v9_1_2.shift_ram [\shift_ram(c_xdevicefamily="zynq...]
Compiling architecture xilinx of entity xfft_v9_1_2.r22_pe [\r22_pe(c_xdevicefamily="zynq",m...]
Compiling architecture xilinx of entity xfft_v9_1_2.shift_ram [\shift_ram(c_xdevicefamily="zynq...]
Compiling architecture xilinx of entity xfft_v9_1_2.shift_ram [\shift_ram(c_xdevicefamily="zynq...]
Compiling architecture xilinx of entity xfft_v9_1_2.shift_ram [\shift_ram(c_xdevicefamily="zynq...]
Compiling architecture xilinx of entity xfft_v9_1_2.shift_ram [\shift_ram(c_xdevicefamily="zynq...]
Compiling architecture xilinx of entity xfft_v9_1_2.shift_ram [\shift_ram(c_xdevicefamily="zynq...]
Compiling architecture synth of entity xfft_v9_1_2.r22_shift_decode [\r22_shift_decode(c_nfft_max=11,...]
Compiling architecture muxf7_v of entity unisim.MUXF7 [muxf7_default]
Compiling architecture muxf8_v of entity unisim.MUXF8 [muxf8_default]
Compiling architecture xilinx of entity xfft_v9_1_2.mux_bus16 [\mux_bus16(c_xdevicefamily="zynq...]
Compiling architecture xilinx of entity xfft_v9_1_2.r22_right_shift [\r22_right_shift(c_xdevicefamily...]
Compiling architecture xilinx of entity xfft_v9_1_2.shift_ram [\shift_ram(c_xdevicefamily="zynq...]
Compiling architecture xilinx of entity xfft_v9_1_2.r22_var_unbiased_round [\r22_var_unbiased_round(c_xdevic...]
Compiling architecture xilinx of entity xfft_v9_1_2.shift_ram [\shift_ram(c_xdevicefamily="zynq...]
Compiling architecture xilinx of entity xfft_v9_1_2.shift_ram [\shift_ram(c_xdevicefamily="zynq...]
Compiling architecture xilinx of entity xfft_v9_1_2.shift_ram [\shift_ram(c_xdevicefamily="zynq...]
Compiling architecture rb18_internal_vhdl_v of entity unisim.RB18_INTERNAL_VHDL [\RB18_INTERNAL_VHDL(bram_size=18...]
Compiling architecture ramb18e1_v of entity unisim.RAMB18E1 [\RAMB18E1(dob_reg=1,read_width_b...]
Compiling architecture ramb18_v of entity unisim.RAMB18 [\RAMB18(dob_reg=1,read_width_b=9...]
Compiling architecture xilinx of entity xfft_v9_1_2.dpm [\dpm(c_xdevicefamily="zynq",wm="...]
Compiling architecture xilinx of entity xfft_v9_1_2.r22_memory [\r22_memory(c_xdevicefamily="zyn...]
Compiling architecture xilinx of entity xfft_v9_1_2.shift_ram [\shift_ram(c_xdevicefamily="zynq...]
Compiling architecture xilinx of entity xfft_v9_1_2.shift_ram [\shift_ram(c_xdevicefamily="zynq...]
Compiling architecture xilinx of entity xfft_v9_1_2.shift_ram [\shift_ram(c_xdevicefamily="zynq...]
Compiling architecture xilinx of entity xfft_v9_1_2.shift_ram [\shift_ram(c_xdevicefamily="zynq...]
Compiling architecture xilinx of entity xfft_v9_1_2.r22_busy [\r22_busy(c_xdevicefamily="zynq"...]
Compiling architecture fdre_v of entity unisim.FDRE [fdre_default]
Compiling architecture muxcy_v of entity unisim.MUXCY [muxcy_default]
Compiling architecture xorcy_v of entity unisim.XORCY [xorcy_default]
Compiling architecture rtl of entity c_addsub_v12_0_13.c_addsub_v12_0_13_lut6_legacy [\c_addsub_v12_0_13_lut6_legacy(c...]
Compiling architecture synth of entity c_addsub_v12_0_13.c_addsub_v12_0_13_fabric_legacy [\c_addsub_v12_0_13_fabric_legacy...]
Compiling architecture synth of entity c_addsub_v12_0_13.c_addsub_v12_0_13_legacy [\c_addsub_v12_0_13_legacy(c_fami...]
Compiling architecture synth of entity c_addsub_v12_0_13.c_addsub_v12_0_13_viv [\c_addsub_v12_0_13_viv(c_xdevice...]
Compiling architecture xilinx of entity xfft_v9_1_2.logic_gate [\logic_gate(c_xdevicefamily="zyn...]
Compiling architecture fdse_v of entity unisim.FDSE [fdse_default]
Compiling architecture xilinx of entity xfft_v9_1_2.cnt_sat [\cnt_sat(c_xdevicefamily="zynq",...]
Compiling architecture rtl of entity c_addsub_v12_0_13.c_addsub_v12_0_13_lut6_legacy [\c_addsub_v12_0_13_lut6_legacy(c...]
Compiling architecture synth of entity c_addsub_v12_0_13.c_addsub_v12_0_13_fabric_legacy [\c_addsub_v12_0_13_fabric_legacy...]
Compiling architecture synth of entity c_addsub_v12_0_13.c_addsub_v12_0_13_legacy [\c_addsub_v12_0_13_legacy(c_fami...]
Compiling architecture synth of entity c_addsub_v12_0_13.c_addsub_v12_0_13_viv [\c_addsub_v12_0_13_viv(c_xdevice...]
Compiling architecture xilinx of entity xfft_v9_1_2.logic_gate [\logic_gate(c_xdevicefamily="zyn...]
Compiling architecture xilinx of entity xfft_v9_1_2.cnt_sat [\cnt_sat(c_xdevicefamily="zynq",...]
Compiling architecture rtl of entity c_addsub_v12_0_13.c_addsub_v12_0_13_lut6_legacy [\c_addsub_v12_0_13_lut6_legacy(c...]
Compiling architecture synth of entity c_addsub_v12_0_13.c_addsub_v12_0_13_fabric_legacy [\c_addsub_v12_0_13_fabric_legacy...]
Compiling architecture synth of entity c_addsub_v12_0_13.c_addsub_v12_0_13_legacy [\c_addsub_v12_0_13_legacy(c_fami...]
Compiling architecture synth of entity c_addsub_v12_0_13.c_addsub_v12_0_13_viv [\c_addsub_v12_0_13_viv(c_xdevice...]
Compiling architecture xilinx of entity xfft_v9_1_2.logic_gate [\logic_gate(c_xdevicefamily="zyn...]
Compiling architecture xilinx of entity xfft_v9_1_2.cnt_sat [\cnt_sat(c_xdevicefamily="zynq",...]
Compiling architecture xilinx of entity xfft_v9_1_2.logic_gate [\logic_gate(c_xdevicefamily="zyn...]
Compiling architecture xilinx of entity xfft_v9_1_2.cnt_sat [\cnt_sat(c_xdevicefamily="zynq",...]
Compiling architecture rtl of entity c_addsub_v12_0_13.c_addsub_v12_0_13_lut6_legacy [\c_addsub_v12_0_13_lut6_legacy(c...]
Compiling architecture synth of entity c_addsub_v12_0_13.c_addsub_v12_0_13_fabric_legacy [\c_addsub_v12_0_13_fabric_legacy...]
Compiling architecture synth of entity c_addsub_v12_0_13.c_addsub_v12_0_13_legacy [\c_addsub_v12_0_13_legacy(c_fami...]
Compiling architecture synth of entity c_addsub_v12_0_13.c_addsub_v12_0_13_viv [\c_addsub_v12_0_13_viv(c_xdevice...]
Compiling architecture xilinx of entity xfft_v9_1_2.logic_gate [\logic_gate(c_xdevicefamily="zyn...]
Compiling architecture xilinx of entity xfft_v9_1_2.cnt_sat [\cnt_sat(c_xdevicefamily="zynq",...]
Compiling architecture structural of entity c_reg_fd_v12_0_6.c_reg_fd_v12_0_6_viv [\c_reg_fd_v12_0_6_viv(c_width=11...]
Compiling architecture rtl of entity c_addsub_v12_0_13.c_addsub_v12_0_13_lut6_legacy [\c_addsub_v12_0_13_lut6_legacy(c...]
Compiling architecture synth of entity c_addsub_v12_0_13.c_addsub_v12_0_13_fabric_legacy [\c_addsub_v12_0_13_fabric_legacy...]
Compiling architecture synth of entity c_addsub_v12_0_13.c_addsub_v12_0_13_legacy [\c_addsub_v12_0_13_legacy(c_fami...]
Compiling architecture synth of entity c_addsub_v12_0_13.c_addsub_v12_0_13_viv [\c_addsub_v12_0_13_viv(c_xdevice...]
Compiling architecture lut6_v of entity unisim.LUT6 [\LUT6(init="10010000000010010000...]
Compiling architecture xilinx of entity xfft_v9_1_2.equ_rtl [\equ_rtl(c_xdevicefamily="zynq",...]
Compiling architecture xilinx of entity xfft_v9_1_2.cnt_tc_rtl_a [\cnt_tc_rtl_a(c_xdevicefamily="z...]
Compiling architecture struct of entity c_shift_ram_v12_0_13.c_shift_ram_v12_0_13_legacy [\c_shift_ram_v12_0_13_legacy(c_x...]
Compiling architecture synth of entity c_shift_ram_v12_0_13.c_shift_ram_v12_0_13_viv [\c_shift_ram_v12_0_13_viv(c_xdev...]
Compiling architecture xilinx of entity xfft_v9_1_2.shift_ram [\shift_ram(c_xdevicefamily="zynq...]
Compiling architecture xilinx of entity xfft_v9_1_2.r22_flow_ctrl [\r22_flow_ctrl(c_xdevicefamily="...]
Compiling architecture lut3_v of entity unisim.LUT3 [\LUT3(init="10101110")(0,7)\]
Compiling architecture xilinx of entity xfft_v9_1_2.r22_cnt_ctrl [\r22_cnt_ctrl(c_xdevicefamily="z...]
Compiling architecture srl16e_v of entity unisim.SRL16E [\SRL16E(0,15)\]
Compiling architecture xilinx of entity xfft_v9_1_2.shift_ram [\shift_ram(c_xdevicefamily="zynq...]
Compiling architecture fdr_v of entity unisim.FDR [fdr_default]
Compiling architecture xilinx of entity xfft_v9_1_2.shift_ram [\shift_ram(c_xdevicefamily="zynq...]
Compiling architecture xilinx of entity xfft_v9_1_2.shift_ram [\shift_ram(c_xdevicefamily="zynq...]
Compiling architecture xilinx of entity xfft_v9_1_2.xfft_v9_1_2_d [\xfft_v9_1_2_d(c_xdevicefamily="...]
Compiling architecture synth of entity xfft_v9_1_2.xfft_v9_1_2_core [\xfft_v9_1_2_core(c_xdevicefamil...]
Compiling architecture synth of entity xfft_v9_1_2.xfft_v9_1_2_viv [\xfft_v9_1_2_viv(c_xdevicefamily...]
Compiling architecture xilinx of entity xfft_v9_1_2.xfft_v9_1_2 [\xfft_v9_1_2(c_xdevicefamily="zy...]
Compiling architecture fft_ip_arch of entity xil_defaultlib.fft_ip [fft_ip_default]
Compiling architecture behavioral of entity xil_defaultlib.fft_controller [fft_controller_default]
Compiling architecture behavioral of entity xil_defaultlib.tb_fft_controller
Built simulation snapshot tb_fft_controller_behav
